


 $$$$$   $$$   $      $$$  $$$$    $$$   $$$$$     $    $$$    $$$ 
 $      $   $  $       $   $   $  $   $  $        $$   $   $  $   $
 $      $      $       $   $   $  $      $         $   $   $  $   $
 $$$$   $      $       $   $$$$    $$$   $$$$      $   $   $  $   $
 $      $      $       $   $          $  $         $   $   $  $   $
 $      $   $  $       $   $      $   $  $         $   $   $  $   $
 $$$$$   $$$   $$$$$  $$$  $       $$$   $$$$$    $$$   $$$    $$$ 



                       $$$$$   $$$   $      $$$  $$$$    $$$   $$$$$     $    $$$    $$$ 
                       $      $   $  $       $   $   $  $   $  $        $$   $   $  $   $
                       $      $      $       $   $   $  $      $         $   $   $  $   $
                       $$$$   $      $       $   $$$$    $$$   $$$$      $   $   $  $   $
                       $      $      $       $   $          $  $         $   $   $  $   $
                       $      $   $  $       $   $      $   $  $         $   $   $  $   $
                       $$$$$   $$$   $$$$$  $$$  $       $$$   $$$$$    $$$   $$$    $$$ 



                                             $$$$$   $$$   $      $$$  $$$$    $$$   $$$$$     $    $$$    $$$ 
                                             $      $   $  $       $   $   $  $   $  $        $$   $   $  $   $
                                             $      $      $       $   $   $  $      $         $   $   $  $   $
                                             $$$$   $      $       $   $$$$    $$$   $$$$      $   $   $  $   $
                                             $      $      $       $   $          $  $         $   $   $  $   $
                                             $      $   $  $       $   $      $   $  $         $   $   $  $   $
                                             $$$$$   $$$   $$$$$  $$$  $       $$$   $$$$$    $$$   $$$    $$$ 



                                                                   $$$$$   $$$   $      $$$  $$$$    $$$   $$$$$     $    $$$    $$$ 
                                                                   $      $   $  $       $   $   $  $   $  $        $$   $   $  $   $
                                                                   $      $      $       $   $   $  $      $         $   $   $  $   $
                                                                   $$$$   $      $       $   $$$$    $$$   $$$$      $   $   $  $   $
                                                                   $      $      $       $   $          $  $         $   $   $  $   $
                                                                   $      $   $  $       $   $      $   $  $         $   $   $  $   $
                                                                   $$$$$   $$$   $$$$$  $$$  $       $$$   $$$$$    $$$   $$$    $$$ 
 
 Version =  2009.1
 Arch    =  PC WINDOWS (32 bit)
Annex    | Modification date    | Update date          | baseline             
=====    | =================    | ===========          | ========             
ECLIPSE  | 27-APR-2009 16:22:47 | 27-APR-2009 19:37:10 | S:\2009.1_w18i
system   | 22-APR-2009 14:52:01 | 25-APR-2009 05:27:35 | S:\2009.1_w18
utility  | 17-FEB-2009 08:34:11 | 25-APR-2009 05:40:00 | S:\2009.1_w18
 

1

 ******** ECHO OF INPUT DATA FOR RUN BIG

 0: NOECHO

 ******** END OF INPUT DATA FOR RUN BIG
     1 READING NOECHO  
     2 READING RUNSPEC 
     3 READING TITLE   
     4 READING DIMENS  
     5 READING NONNC   
     6 READING AUTOREF 
     7 READING OIL     
     8 READING WATER   
     9 READING GAS     
    10 READING DISGAS  
    11 READING FIELD   
    12 READING TABDIMS 
    13 READING WELLDIMS
    14 READING START   
    15 READING NSTACK  
    16 READING GRID    

 @--MESSAGE  AT TIME        0.0   DAYS    ( 1-JAN-1990):
 @           CHECKING FOR LICENSES                                           

 @--MESSAGE  AT TIME        0.0   DAYS    ( 1-JAN-1990):
 @           THE MEMORY REQUIRED TO PROCESS THE GRID SECTION IS              
 @               422609 KBYTES                                               
    18 READING NOGGF   

 @--MESSAGE  AT TIME        0.0   DAYS    ( 1-JAN-1990):
 @           CHECKING FOR LICENSES                                           
    19 READING EQUALS  
    20 READING EQUALS  
    21 READING PERMX   
    22 READING COPY    
    23 READING MULTIPLY
    24 READING PROPS   

 @--MESSAGE  AT TIME        0.0   DAYS    ( 1-JAN-1990):
 @           UNSPECIFIED TOPS VALUES OBTAINED BY ADDING DZ                   
 @           TO TOPS VALUE FOR LAYER ABOVE                                   

 @--MESSAGE  AT TIME        0.0   DAYS    ( 1-JAN-1990):
 @           NEITHER OLDTRAN,OLDTRANR NOR NEWTRAN SPECIFIED                  
 @           BLOCK CENTRE TRANSMISSIBILITIES TO BE CALCULATED                
 @           USING  OLDTRAN                                                  

 @--MESSAGE  AT TIME        0.0   DAYS    ( 1-JAN-1990):
 @           NUMBER OF ACTIVE CELLS IS 1125000                               

 @--MESSAGE  AT TIME        0.0   DAYS    ( 1-JAN-1990):
 @           THE MEMORY REQUIRED TO PROCESS THE SOLUTION SECTION IS          
 @                 1406 MBYTES                                               

 @--MESSAGE  AT TIME        0.0   DAYS    ( 1-JAN-1990):
 @              58738 CHARACTER VARIABLES USED                               
    25 READING SWOF    
    26 READING SGOF    
    27 READING PVTO    
    28 READING PVDG    
    29 READING PVTW    
    30 READING ROCK    
    31 READING DENSITY 
    32 READING SOLUTION
    33 READING EQUIL   
    34 READING PBVD    
    35 READING SUMMARY 

 @--  ERROR  AT TIME        0.0   DAYS    ( 1-JAN-1990):
 @           UNABLE TO ALLOCATE MEMORY FOR ARRAY WORK                        
 @           OF TYPE DOUBLE  , LENGTH        185652388,                      
 @           AND REQUIRING     1416 MBYTES.                                  
 @           THE SYSTEM ERROR RETURNED WAS       41                          
 @                   1036 MBYTES PREVIOUSLY ALLOCATED                        
 @           THIS IS AN OUT-OF-MEMORY CONDITION.                             

 Error summary 
 Comments               0
 Warnings               0
 Problems               0
 Errors                 1
 Bugs                   0
 Final cpu       1.34 elapsed       2.00
