


 $$$$$   $$$   $      $$$  $$$$    $$$   $$$$$     $    $$$    $$$ 
 $      $   $  $       $   $   $  $   $  $        $$   $   $  $   $
 $      $      $       $   $   $  $      $         $   $   $  $   $
 $$$$   $      $       $   $$$$    $$$   $$$$      $   $   $  $   $
 $      $      $       $   $          $  $         $   $   $  $   $
 $      $   $  $       $   $      $   $  $         $   $   $  $   $
 $$$$$   $$$   $$$$$  $$$  $       $$$   $$$$$    $$$   $$$    $$$ 



                       $$$$$   $$$   $      $$$  $$$$    $$$   $$$$$     $    $$$    $$$ 
                       $      $   $  $       $   $   $  $   $  $        $$   $   $  $   $
                       $      $      $       $   $   $  $      $         $   $   $  $   $
                       $$$$   $      $       $   $$$$    $$$   $$$$      $   $   $  $   $
                       $      $      $       $   $          $  $         $   $   $  $   $
                       $      $   $  $       $   $      $   $  $         $   $   $  $   $
                       $$$$$   $$$   $$$$$  $$$  $       $$$   $$$$$    $$$   $$$    $$$ 



                                             $$$$$   $$$   $      $$$  $$$$    $$$   $$$$$     $    $$$    $$$ 
                                             $      $   $  $       $   $   $  $   $  $        $$   $   $  $   $
                                             $      $      $       $   $   $  $      $         $   $   $  $   $
                                             $$$$   $      $       $   $$$$    $$$   $$$$      $   $   $  $   $
                                             $      $      $       $   $          $  $         $   $   $  $   $
                                             $      $   $  $       $   $      $   $  $         $   $   $  $   $
                                             $$$$$   $$$   $$$$$  $$$  $       $$$   $$$$$    $$$   $$$    $$$ 



                                                                   $$$$$   $$$   $      $$$  $$$$    $$$   $$$$$     $    $$$    $$$ 
                                                                   $      $   $  $       $   $   $  $   $  $        $$   $   $  $   $
                                                                   $      $      $       $   $   $  $      $         $   $   $  $   $
                                                                   $$$$   $      $       $   $$$$    $$$   $$$$      $   $   $  $   $
                                                                   $      $      $       $   $          $  $         $   $   $  $   $
                                                                   $      $   $  $       $   $      $   $  $         $   $   $  $   $
                                                                   $$$$$   $$$   $$$$$  $$$  $       $$$   $$$$$    $$$   $$$    $$$ 
 
 Version =  2009.1
 Arch    =  PC WINDOWS (32 bit)
Annex    | Modification date    | Update date          | baseline             
=====    | =================    | ===========          | ========             
ECLIPSE  | 27-APR-2009 16:22:47 | 27-APR-2009 19:37:10 | S:\2009.1_w18i
system   | 22-APR-2009 14:52:01 | 25-APR-2009 05:27:35 | S:\2009.1_w18
utility  | 17-FEB-2009 08:34:11 | 25-APR-2009 05:40:00 | S:\2009.1_w18
 

1

 ******** ECHO OF INPUT DATA FOR RUN BRILLRST

 0: -- ECLIPSE test data deck
 0: -- **********************
 0: --
 0: -- Includes many options, viz:
 0: --      End-point scaling versus depth
 0: --      API tracking of the different PVT oils
 0: --      Tracer tracking of initial gas-cap gas and
 0: --                         injected water
 0: --      Group control of wells
 0: --      Reperforation of wells by completion interval
 0: --      Use of the drilling queue
 0: --
 0: -- Variations also include:
 0: --      Use of LGR around a single well which is compared with
 0: --           a standard ECLIPSE run with 4 additional rows and columns
 0: --      Use of the FLUX options
 0: --
 0: RUNSPEC
 0: TITLE
 0: ECLIPSE TEST MODEL
 0: 
 0: DIMENS
 0:    20   15    8  /
 0: 
 0: OIL
 0: 
 0: WATER
 0: 
 0: GAS
 0: 
 0: DISGAS
 0: 
 0: API
 0: 
 0: FIELD
 0: 
 0: EQLDIMS
 0:     3  100   20    1    2 /
 0: 
 0: EQLOPTS
 0:                         'THPRES'  'MOBILE'   /
 0: 
 0: TRACERS
 0:     0    1    1    0 'DIFF  ' /
 0: 
 0: ENDSCALE
 0: 'NODIR'     'REVERS'           2    6  /
 0: 
 0: TABDIMS
 0:     1    2   20   20    3   20 /
 0: 
 0: REGDIMS
 0:     3    1    0    0 /
 0: 
 0: WELLDIMS
 0:    20    8    3   15 /
 0: 
 0: VFPPDIMS
 0:     5    3    5    4    2    2 /
 0: 
 0: VFPIDIMS
 0:     5    3    1 /
 0: 
 0: AQUDIMS
 0:     0    0    0    0    3  400 /
 0: 
 0: START
 0:    1 'JAN' 1990  /
 0: 
 0: 
 0: --
 0: --  USE OPTIONS TO ENABLE AUTOMATIC PINCHOUT NNCS (FIELD 17)
 0: --
 0: OPTIONS                                          FIELD   16:39  2 JAN 90
 0: 
 0: 
 0: GRID
 0: 
 0: NOECHO

 ******** END OF INPUT DATA FOR RUN BRILLRST
     1 READING RUNSPEC 
     2 READING TITLE   
     3 READING DIMENS  
     4 READING OIL     
     5 READING WATER   
     6 READING GAS     
     7 READING DISGAS  
     8 READING API     
     9 READING FIELD   
    10 READING EQLDIMS 
    11 READING EQLOPTS 
    12 READING TRACERS 
    13 READING ENDSCALE
    14 READING TABDIMS 
    15 READING REGDIMS 
    16 READING WELLDIMS
    17 READING VFPPDIMS
    18 READING VFPIDIMS
    19 READING AQUDIMS 
    20 READING START   
    21 READING OPTIONS 

 @--WARNING  AT TIME        0.0   DAYS    ( 1-JAN-1990):
 @           THE 17TH SWITCH OF OPTIONS HAS BEEN                             
 @           SUPERSEDED. SEE THE PINCH KEYWORD.                              
    22 READING GRID    

 @--  ERROR  AT TIME        0.0   DAYS    ( 1-JAN-1990):
 @           INPUT RESTART FILE                                              
 @           BRILLIG.X0002                                                   
 @           DOES NOT EXIST                                                  

 @--  ERROR  AT TIME        0.0   DAYS    ( 1-JAN-1990):
 @            I/O ERROR UNABLE TO OPEN RESTART FILE                          
 @            ERROR CODE IS :            1                                   

 @--MESSAGE  AT TIME        0.0   DAYS    ( 1-JAN-1990):
 @           CHECKING FOR LICENSES                                           

 @--MESSAGE  AT TIME        0.0   DAYS    ( 1-JAN-1990):
 @           THE MEMORY REQUIRED TO PROCESS THE GRID SECTION IS              
 @               943188 BYTES                                                
    24 READING NOECHO  
    25 READING COORD   
    26 READING ZCORN   
    27 READING ACTNUM  
    28 READING PORO    
    29 READING PERMX   
    30 READING COPY    
    31 READING MULTIPLY
    32 READING NEWTRAN 
    33 READING INIT    
    34 READING RPTGRID 
    35 READING PROPS   

 @--MESSAGE  AT TIME        0.0   DAYS    ( 1-JAN-1990):
 @               83   PINCH-OUT CONNECTIONS GENERATED                        
1                             **********************************************************************   1
  DEL-NNC  AT     0.00   DAYS *ECLIPSE TEST MODEL                                                      * ECLIPSE  VERSION 2009.1     
  REPORT   0     1 JAN 1990   *  RUN                                                                   * RUN AT 21:55 ON 22 MAR 2017 
                              **************************************************************************

 LIST OF ALL NON-NEIGHBOUR CONNECTIONS DELETED FROM THE MAIN GRID
 ----------------------------------------------------------------

   FIRST CELL    SECOND CELL     TRANSMISSIBILITY      DIRECTION       REASON
   I   J   K      I   J   K        IN CPB/D/PS
  ----------     -----------     ----------------      ---------       ------
   8   1   3      8   1   5           1057.524             Z         IN-LINE CELLS   
   8   2   3      8   2   5            849.833             Z         IN-LINE CELLS   
   9   1   3      9   1   5           1131.630             Z         IN-LINE CELLS   
   9   2   3      9   2   5            908.678             Z         IN-LINE CELLS   
   9   3   3      9   3   5            391.477             Z         IN-LINE CELLS   
  10   1   3     10   1   5           1210.176             Z         IN-LINE CELLS   
  10   2   3     10   2   5            969.510             Z         IN-LINE CELLS   
  10   3   3     10   3   5            417.254             Z         IN-LINE CELLS   
  10   4   3     10   4   5            395.184             Z         IN-LINE CELLS   
  11   1   3     11   1   5           1291.504             Z         IN-LINE CELLS   
  11   2   3     11   2   5           1030.425             Z         IN-LINE CELLS   
  11   3   3     11   3   5            442.307             Z         IN-LINE CELLS   
  11   4   3     11   4   5            419.594             Z         IN-LINE CELLS   
  11   5   3     11   5   5            397.821             Z         IN-LINE CELLS   
  12   1   3     12   1   5           1562.637             Z         IN-LINE CELLS   
  12   2   3     12   2   5           1244.391             Z         IN-LINE CELLS   
  12   3   3     12   3   5            533.347             Z         IN-LINE CELLS   
  12   4   3     12   4   5            506.357             Z         IN-LINE CELLS   
  12   5   3     12   5   5            479.633             Z         IN-LINE CELLS   
  13   2   3     13   2   5           1280.272             Z         IN-LINE CELLS   
  13   3   3     13   3   5            548.952             Z         IN-LINE CELLS   
  13   4   3     13   4   5            522.103             Z         IN-LINE CELLS   
  13   5   3     13   5   5            495.845             Z         IN-LINE CELLS   
  13   6   3     13   6   5            473.591             Z         IN-LINE CELLS   
  14   2   3     14   2   5           1534.960             Z         IN-LINE CELLS   
  14   3   3     14   3   5            659.089             Z         IN-LINE CELLS   
  14   4   3     14   4   5            628.418             Z         IN-LINE CELLS   
  14   5   3     14   5   5            598.547             Z         IN-LINE CELLS   
  14   6   3     14   6   5            571.307             Z         IN-LINE CELLS   
  14   7   3     14   7   5            544.637             Z         IN-LINE CELLS   
  14   8   3     14   8   5            518.003             Z         IN-LINE CELLS   
  15   2   3     15   2   5           1644.789             Z         IN-LINE CELLS   
  15   3   3     15   3   5            707.282             Z         IN-LINE CELLS   
  15   4   3     15   4   5            675.927             Z         IN-LINE CELLS   
  15   5   3     15   5   5            644.444             Z         IN-LINE CELLS   
  15   6   3     15   6   5            614.439             Z         IN-LINE CELLS   
  15   7   3     15   7   5            585.082             Z         IN-LINE CELLS   
  15   8   3     15   8   5            556.992             Z         IN-LINE CELLS   
  15   9   3     15   9   5            606.955             Z         IN-LINE CELLS   
  15  10   3     15  10   5            567.470             Z         IN-LINE CELLS   
  16   2   3     16   2   5           1756.483             Z         IN-LINE CELLS   
  16   3   3     16   3   5            759.270             Z         IN-LINE CELLS   
  16   4   3     16   4   5            726.923             Z         IN-LINE CELLS   
  16   5   3     16   5   5            692.340             Z         IN-LINE CELLS   
  16   6   3     16   6   5            659.701             Z         IN-LINE CELLS   
  16   7   3     16   7   5            628.692             Z         IN-LINE CELLS   
  16   8   3     16   8   5            599.371             Z         IN-LINE CELLS   
  16   9   3     16   9   5            650.352             Z         IN-LINE CELLS   
  16  10   3     16  10   5            603.048             Z         IN-LINE CELLS   
  16  11   3     16  11   5            637.913             Z         IN-LINE CELLS   
  17   2   3     17   2   5           1868.464             Z         IN-LINE CELLS   
  17   3   3     17   3   5            814.434             Z         IN-LINE CELLS   
  17   4   3     17   4   5            779.987             Z         IN-LINE CELLS   
  17   5   3     17   5   5            741.819             Z         IN-LINE CELLS   
  17   6   3     17   6   5            707.242             Z         IN-LINE CELLS   
  17   7   3     17   7   5            673.607             Z         IN-LINE CELLS   
  17   8   3     17   8   5            641.262             Z         IN-LINE CELLS   
  17   9   3     17   9   5            693.370             Z         IN-LINE CELLS   
  17  10   3     17  10   5            642.082             Z         IN-LINE CELLS   
  17  11   3     17  11   5            679.462             Z         IN-LINE CELLS   
  18   3   3     18   3   5           1577.709             Z         IN-LINE CELLS   
  18   4   3     18   4   5           1521.751             Z         IN-LINE CELLS   
  18   5   3     18   5   5           1468.996             Z         IN-LINE CELLS   
  18   6   3     18   6   5           1402.195             Z         IN-LINE CELLS   
  18   7   3     18   7   5           1325.860             Z         IN-LINE CELLS   
  18   8   3     18   8   5           1256.651             Z         IN-LINE CELLS   
  18   9   3     18   9   5           1356.067             Z         IN-LINE CELLS   
  18  10   3     18  10   5           1257.751             Z         IN-LINE CELLS   
  18  11   3     18  11   5           1330.829             Z         IN-LINE CELLS   
  18  12   3     18  12   5           1254.564             Z         IN-LINE CELLS   
  19   4   3     19   4   5           1875.962             Z         IN-LINE CELLS   
  19   5   3     19   5   5           1819.755             Z         IN-LINE CELLS   
  19   6   3     19   6   5           1727.186             Z         IN-LINE CELLS   
  19   7   3     19   7   5           1636.715             Z         IN-LINE CELLS   
  19   8   3     19   8   5           1560.149             Z         IN-LINE CELLS   
  19   9   3     19   9   5           1688.264             Z         IN-LINE CELLS   
  19  10   3     19  10   5           1564.397             Z         IN-LINE CELLS   
  19  11   3     19  11   5           1649.122             Z         IN-LINE CELLS   
  19  12   3     19  12   5           1551.256             Z         IN-LINE CELLS   
  19  13   3     19  13   5           1475.916             Z         IN-LINE CELLS   
  20   7   3     20   7   5           2152.061             Z         IN-LINE CELLS   
  20   8   3     20   8   5           2058.509             Z         IN-LINE CELLS   
  20   9   3     20   9   5           2228.023             Z         IN-LINE CELLS   

 @--MESSAGE  AT TIME        0.0   DAYS    ( 1-JAN-1990):
 @           PRE-PROCESSING HAS FOUND       83 NON-NEIGHBOUR CONNECTIONS     
 @           WHICH EITHER JOIN ADJACENT CELLS OR CAN BE TREATED AS A         
 @           NORMAL CONNECTION. THE TRANSMISSIBILITY HAS BEEN ADDED TO       
 @           THE APPROPRIATE CELL TRANSMISSIBILITY AND THE                   
 @           NON-NEIGHBOUR CONNECTION REMOVED FROM THE SIMULATION            

 @--MESSAGE  AT TIME        0.0   DAYS    ( 1-JAN-1990):
 @           127 NON-NEIGHBOUR CONNECTIONS PRESENT                           
1                             **********************************************************************   2
  PORV     AT     0.00   DAYS *ECLIPSE TEST MODEL                                                      * ECLIPSE  VERSION 2009.1     
  REPORT   0     1 JAN 1990   *  RUN                                                                   * RUN AT 21:55 ON 22 MAR 2017 
                              **************************************************************************

 UNITS    RB           

 MINIMUM VALUE =   1874.4  AT ( 13,  7,  4)     MAXIMUM VALUE =  1.62E+7  AT ( 18, 14,  7)                                           

 (I,  J,  K) I=  1       2       3       4       5       6       7       8       9      10      11      12      13      14      15

 (*,  1,  1)   -----   -----   -----   -----   -----   -----   -----  1.62E+6 1.68E+6 1.73E+6 1.79E+6 2.10E+6  -----   -----   ----- 
 (*,  2,  1)   -----   -----   -----   -----  1.74E+6 1.83E+6 1.93E+6 1.39E+6 1.44E+6 1.49E+6 1.53E+6 1.80E+6 1.80E+6 2.09E+6 2.17E+6
 (*,  3,  1)   -----   -----  7.04E+5 7.50E+5 7.93E+5 8.36E+5 8.79E+5 6.31E+5 6.53E+5 6.74E+5 6.96E+5 8.16E+5 8.17E+5 9.49E+5 9.84E+5
 (*,  4,  1)   -----   -----  7.01E+5 7.47E+5 7.90E+5 8.31E+5 8.75E+5 6.28E+5 6.49E+5 6.70E+5 6.91E+5 8.10E+5 8.10E+5 9.42E+5 9.76E+5
 (*,  5,  1)   -----  6.52E+5 6.96E+5 7.40E+5 7.83E+5 8.27E+5 8.71E+5 6.24E+5 6.45E+5 6.66E+5 6.87E+5 8.05E+5 8.04E+5 9.34E+5 9.68E+5
 (*,  6,  1)   -----  6.46E+5 6.89E+5 7.32E+5 7.77E+5 8.23E+5 8.67E+5 6.21E+5 6.42E+5 6.62E+5 6.82E+5 7.99E+5 7.99E+5 9.27E+5 9.61E+5
 (*,  7,  1)   -----  6.40E+5 6.82E+5 7.26E+5 7.71E+5 8.17E+5 8.61E+5 6.18E+5 6.38E+5 6.58E+5 6.78E+5 7.94E+5 7.93E+5 9.20E+5 9.53E+5
 (*,  8,  1)   -----  6.34E+5 6.75E+5 7.18E+5 7.62E+5 8.08E+5 8.52E+5 6.14E+5 6.35E+5 6.55E+5 6.74E+5 7.88E+5 7.87E+5 9.13E+5 9.46E+5
 (*,  9,  1)  6.70E+5 7.16E+5 7.63E+5 8.11E+5 8.60E+5 9.11E+5 9.63E+5 6.95E+5 7.19E+5 7.41E+5 7.63E+5 8.92E+5 8.91E+5 1.03E+6 1.07E+6
 (*, 10,  1)  6.53E+5 6.98E+5 7.43E+5 7.89E+5 8.37E+5 8.85E+5 9.35E+5 6.73E+5 6.97E+5 7.19E+5 7.42E+5 8.69E+5 8.70E+5 1.01E+6 1.04E+6
 (*, 11,  1)  7.27E+5 7.76E+5 8.26E+5 8.77E+5 9.28E+5 9.81E+5 1.03E+6 7.44E+5 7.70E+5 7.96E+5 8.22E+5 9.66E+5 9.69E+5 1.12E+6 1.17E+6
 (*, 12,  1)  7.17E+5 7.66E+5 8.16E+5 8.65E+5 9.14E+5 9.65E+5 1.01E+6 7.30E+5 7.56E+5 7.82E+5 8.08E+5 9.51E+5 9.55E+5 1.11E+6 1.15E+6
 (*, 13,  1)   -----  7.54E+5 8.03E+5 8.50E+5 9.00E+5 9.49E+5 9.98E+5 7.17E+5 7.42E+5 7.67E+5 7.93E+5 9.32E+5 9.35E+5 1.09E+6 1.13E+6
 (*, 14,  1)   -----  1.41E+6 1.50E+6 1.59E+6 1.68E+6 1.77E+6 1.87E+6 1.34E+6 1.39E+6 1.43E+6 1.48E+6 1.74E+6 1.74E+6 2.03E+6 2.10E+6
 (*, 15,  1)   -----   -----   -----  1.74E+6 1.84E+6 1.94E+6 2.04E+6 1.46E+6 1.51E+6 1.56E+6 1.61E+6 1.89E+6  -----   -----   ----- 

 (I,  J,  K) I=  1       2       3       4       5       6       7       8       9      10      11      12      13      14      15

 (*,  1,  2)   -----   -----   -----   -----   -----   -----   -----  1.78E+6 1.82E+6 1.85E+6 1.88E+6 2.16E+6  -----   -----   ----- 
 (*,  2,  2)   -----   -----   -----   -----  2.26E+6 2.40E+6 2.57E+6 1.88E+6 1.95E+6 2.01E+6 2.06E+6 2.37E+6 2.30E+6 2.57E+6 2.53E+6
 (*,  3,  2)   -----   -----  9.71E+5 1.03E+6 1.12E+6 1.22E+6 1.33E+6 9.78E+5 1.02E+6 1.06E+6 1.08E+6 1.25E+6 1.21E+6 1.36E+6 1.34E+6
 (*,  4,  2)   -----   -----  1.00E+6 1.08E+6 1.18E+6 1.30E+6 1.42E+6 1.04E+6 1.09E+6 1.13E+6 1.15E+6 1.33E+6 1.29E+6 1.45E+6 1.44E+6
 (*,  5,  2)   -----  9.54E+5 1.03E+6 1.13E+6 1.24E+6 1.37E+6 1.50E+6 1.10E+6 1.15E+6 1.19E+6 1.21E+6 1.40E+6 1.36E+6 1.52E+6 1.51E+6
 (*,  6,  2)   -----  9.69E+5 1.06E+6 1.17E+6 1.30E+6 1.44E+6 1.57E+6 1.15E+6 1.20E+6 1.23E+6 1.26E+6 1.44E+6 1.41E+6 1.58E+6 1.56E+6
 (*,  7,  2)   -----  9.80E+5 1.08E+6 1.20E+6 1.34E+6 1.48E+6 1.62E+6 1.18E+6 1.23E+6 1.26E+6 1.29E+6 1.48E+6 1.44E+6 1.61E+6 1.60E+6
 (*,  8,  2)   -----  9.91E+5 1.10E+6 1.22E+6 1.36E+6 1.50E+6 1.64E+6 1.20E+6 1.24E+6 1.28E+6 1.30E+6 1.50E+6 1.46E+6 1.63E+6 1.62E+6
 (*,  9,  2)  1.05E+6 1.14E+6 1.27E+6 1.42E+6 1.57E+6 1.73E+6 1.89E+6 1.38E+6 1.42E+6 1.46E+6 1.49E+6 1.72E+6 1.67E+6 1.87E+6 1.85E+6
 (*, 10,  2)  1.04E+6 1.14E+6 1.27E+6 1.42E+6 1.57E+6 1.72E+6 1.86E+6 1.35E+6 1.39E+6 1.43E+6 1.46E+6 1.68E+6 1.64E+6 1.84E+6 1.82E+6
 (*, 11,  2)  1.17E+6 1.28E+6 1.43E+6 1.60E+6 1.77E+6 1.92E+6 2.06E+6 1.49E+6 1.53E+6 1.57E+6 1.61E+6 1.86E+6 1.81E+6 2.03E+6 2.01E+6
 (*, 12,  2)  1.15E+6 1.26E+6 1.40E+6 1.56E+6 1.72E+6 1.85E+6 1.98E+6 1.43E+6 1.48E+6 1.52E+6 1.56E+6 1.80E+6 1.75E+6 1.96E+6 1.94E+6
 (*, 13,  2)   -----  1.20E+6 1.33E+6 1.48E+6 1.62E+6 1.75E+6 1.88E+6 1.36E+6 1.41E+6 1.45E+6 1.48E+6 1.70E+6 1.64E+6 1.83E+6 1.81E+6
 (*, 14,  2)   -----  2.17E+6 2.33E+6 2.54E+6 2.77E+6 3.01E+6 3.22E+6 2.32E+6 2.39E+6 2.43E+6 2.45E+6 2.78E+6 2.65E+6 2.95E+6 2.93E+6
 (*, 15,  2)   -----   -----   -----  2.46E+6 2.59E+6 2.75E+6 2.91E+6 2.07E+6 2.11E+6 2.13E+6 2.13E+6 2.40E+6  -----   -----   ----- 

 (I,  J,  K) I=  1       2       3       4       5       6       7       8       9      10      11      12      13      14      15

 (*,  1,  3)   -----   -----   -----   -----   -----   -----   -----  2.28E+6 2.30E+6 2.33E+6 2.35E+6 2.70E+6  -----   -----   ----- 
 (*,  2,  3)   -----   -----   -----   -----  2.67E+6 2.64E+6 2.64E+6 1.84E+6 1.86E+6 1.88E+6 1.90E+6 2.19E+6 2.14E+6 2.44E+6 2.48E+6
 (*,  3,  3)   -----   -----  1.22E+6 1.20E+6 1.18E+6 1.17E+6 1.17E+6 8.20E+5 8.28E+5 8.36E+5 8.45E+5 9.71E+5 9.52E+5 1.08E+6 1.11E+6
 (*,  4,  3)   -----   -----  1.20E+6 1.18E+6 1.17E+6 1.16E+6 1.16E+6 8.09E+5 8.15E+5 8.22E+5 8.30E+5 9.55E+5 9.38E+5 1.07E+6 1.10E+6
 (*,  5,  3)   -----  1.22E+6 1.19E+6 1.17E+6 1.15E+6 1.14E+6 1.15E+6 7.95E+5 8.00E+5 8.07E+5 8.15E+5 9.39E+5 9.25E+5 1.06E+6 1.09E+6
 (*,  6,  3)   -----  1.21E+6 1.18E+6 1.15E+6 1.13E+6 1.12E+6 1.12E+6 7.81E+5 7.86E+5 7.93E+5 8.02E+5 9.24E+5 9.11E+5 1.04E+6 1.07E+6
 (*,  7,  3)   -----  1.20E+6 1.16E+6 1.13E+6 1.11E+6 1.11E+6 1.11E+6 7.68E+5 7.74E+5 7.82E+5 7.91E+5 9.11E+5 8.97E+5 1.03E+6 1.06E+6
 (*,  8,  3)   -----  1.18E+6 1.15E+6 1.12E+6 1.10E+6 1.09E+6 1.09E+6 7.59E+5 7.65E+5 7.72E+5 7.81E+5 8.99E+5 8.83E+5 1.01E+6 1.04E+6
 (*,  9,  3)  1.37E+6 1.32E+6 1.29E+6 1.26E+6 1.25E+6 1.24E+6 1.24E+6 8.60E+5 8.66E+5 8.73E+5 8.83E+5 1.01E+6 9.97E+5 1.14E+6 1.17E+6
 (*, 10,  3)  1.34E+6 1.29E+6 1.25E+6 1.23E+6 1.22E+6 1.21E+6 1.21E+6 8.40E+5 8.45E+5 8.52E+5 8.61E+5 9.91E+5 9.74E+5 1.11E+6 1.14E+6
 (*, 11,  3)  1.50E+6 1.44E+6 1.40E+6 1.37E+6 1.35E+6 1.34E+6 1.34E+6 9.32E+5 9.37E+5 9.46E+5 9.57E+5 1.10E+6 1.08E+6 1.25E+6 1.28E+6
 (*, 12,  3)  1.52E+6 1.45E+6 1.39E+6 1.35E+6 1.32E+6 1.32E+6 1.31E+6 9.10E+5 9.16E+5 9.27E+5 9.40E+5 1.08E+6 1.07E+6 1.24E+6 1.28E+6
 (*, 13,  3)   -----  1.47E+6 1.40E+6 1.34E+6 1.30E+6 1.28E+6 1.27E+6 8.81E+5 8.90E+5 9.03E+5 9.19E+5 1.06E+6 1.05E+6 1.21E+6 1.26E+6
 (*, 14,  3)   -----  2.85E+6 2.72E+6 2.59E+6 2.49E+6 2.41E+6 2.38E+6 1.64E+6 1.66E+6 1.68E+6 1.70E+6 1.96E+6 1.93E+6 2.23E+6 2.32E+6
 (*, 15,  3)   -----   -----   -----  3.05E+6 2.95E+6 2.86E+6 2.79E+6 1.90E+6 1.88E+6 1.88E+6 1.87E+6 2.13E+6  -----   -----   ----- 

 (I,  J,  K) I=  1       2       3       4       5       6       7       8       9      10      11      12      13      14      15

 (*,  1,  4)   -----   -----   -----   -----   -----   -----   -----   -----   -----   -----   -----   -----   -----   -----   ----- 
 (*,  2,  4)   -----   -----   -----   -----  4.53E+5 2.12E+5  56002.  -----   -----   -----   -----   -----   -----   -----   ----- 
 (*,  3,  4)   -----   -----  6.21E+5 4.78E+5 3.42E+5 2.10E+5  86013.  9425.1  -----   -----   -----   -----   -----   -----   ----- 
 (*,  4,  4)   -----   -----  7.13E+5 5.67E+5 4.30E+5 2.95E+5 1.61E+5  41599.  8593.3  -----   -----   -----   -----   -----   ----- 
 (*,  5,  4)   -----  9.61E+5 8.02E+5 6.55E+5 5.19E+5 3.83E+5 2.47E+5  94074.  42343.  10152.  -----   -----   -----   -----   ----- 
 (*,  6,  4)   -----  1.04E+6 8.88E+5 7.44E+5 6.07E+5 4.68E+5 3.30E+5 1.52E+5  97024.  48660.  15377.  2358.1  -----   -----   ----- 
 (*,  7,  4)   -----  1.13E+6 9.83E+5 8.37E+5 6.93E+5 5.47E+5 4.06E+5 2.05E+5 1.52E+5 1.04E+5  57790.  22551.  1874.4  -----   ----- 
 (*,  8,  4)   -----  1.23E+6 1.08E+6 9.38E+5 7.83E+5 6.22E+5 4.71E+5 2.50E+5 2.01E+5 1.54E+5 1.08E+5  65564.  15368.  -----   ----- 
 (*,  9,  4)  1.65E+6 1.52E+6 1.37E+6 1.20E+6 1.01E+6 8.16E+5 6.31E+5 3.47E+5 2.91E+5 2.36E+5 1.79E+5 1.32E+5  51628.  9196.3  ----- 
 (*, 10,  4)  1.70E+6 1.60E+6 1.47E+6 1.31E+6 1.12E+6 9.29E+5 7.46E+5 4.23E+5 3.60E+5 2.98E+5 2.35E+5 1.90E+5 1.00E+5  33933.  ----- 
 (*, 11,  4)  2.01E+6 1.91E+6 1.77E+6 1.60E+6 1.40E+6 1.19E+6 9.96E+5 5.79E+5 4.97E+5 4.18E+5 3.41E+5 2.96E+5 1.89E+5 1.04E+5  24286.
 (*, 12,  4)  2.08E+6 2.00E+6 1.88E+6 1.72E+6 1.53E+6 1.34E+6 1.14E+6 6.79E+5 5.92E+5 5.07E+5 4.27E+5 3.93E+5 2.84E+5 2.12E+5 1.05E+5
 (*, 13,  4)   -----  2.07E+6 1.97E+6 1.83E+6 1.67E+6 1.48E+6 1.28E+6 7.76E+5 6.91E+5 6.06E+5 5.23E+5 4.96E+5 3.80E+5 3.21E+5 2.18E+5
 (*, 14,  4)   -----  4.15E+6 3.99E+6 3.79E+6 3.54E+6 3.23E+6 2.90E+6 1.80E+6 1.64E+6 1.48E+6 1.31E+6 1.27E+6 1.01E+6 9.35E+5 7.45E+5
 (*, 15,  4)   -----   -----   -----  4.65E+6 4.47E+6 4.24E+6 3.95E+6 2.54E+6 2.39E+6 2.23E+6 2.06E+6 2.10E+6  -----   -----   ----- 

 (I,  J,  K) I=  1       2       3       4       5       6       7       8       9      10      11      12      13      14      15

 (*,  1,  5)   -----   -----   -----   -----   -----   -----   -----  2.52E+6 2.64E+6 2.75E+6 2.87E+6 3.38E+6  -----   -----   ----- 
 (*,  2,  5)   -----   -----   -----   -----  2.20E+6 2.39E+6 2.58E+6 1.88E+6 1.98E+6 2.07E+6 2.17E+6 2.57E+6 2.59E+6 3.04E+6 3.18E+6
 (*,  3,  5)   -----   -----  7.38E+5 8.17E+5 8.96E+5 9.76E+5 1.05E+6 7.72E+5 8.12E+5 8.55E+5 8.99E+5 1.07E+6 1.08E+6 1.28E+6 1.34E+6
 (*,  4,  5)   -----   -----  6.72E+5 7.50E+5 8.28E+5 9.07E+5 9.83E+5 7.21E+5 7.60E+5 8.01E+5 8.44E+5 1.00E+6 1.02E+6 1.21E+6 1.27E+6
 (*,  5,  5)   -----  5.33E+5 6.07E+5 6.84E+5 7.61E+5 8.39E+5 9.15E+5 6.73E+5 7.09E+5 7.49E+5 7.92E+5 9.49E+5 9.69E+5 1.14E+6 1.20E+6
 (*,  6,  5)   -----  4.71E+5 5.44E+5 6.18E+5 6.95E+5 7.72E+5 8.47E+5 6.26E+5 6.62E+5 7.02E+5 7.44E+5 8.94E+5 9.15E+5 1.08E+6 1.14E+6
 (*,  7,  5)   -----  4.12E+5 4.81E+5 5.54E+5 6.30E+5 7.07E+5 7.83E+5 5.84E+5 6.21E+5 6.61E+5 7.02E+5 8.44E+5 8.64E+5 1.02E+6 1.08E+6
 (*,  8,  5)   -----  3.53E+5 4.19E+5 4.90E+5 5.67E+5 6.44E+5 7.22E+5 5.43E+5 5.82E+5 6.22E+5 6.61E+5 7.97E+5 8.18E+5 9.71E+5 1.02E+6
 (*,  9,  5)  2.67E+5 3.29E+5 4.00E+5 4.84E+5 5.73E+5 6.63E+5 7.52E+5 5.71E+5 6.15E+5 6.61E+5 7.07E+5 8.58E+5 8.85E+5 1.05E+6 1.10E+6
 (*, 10,  5)  2.14E+5 2.59E+5 3.23E+5 4.07E+5 4.95E+5 5.82E+5 6.68E+5 5.11E+5 5.54E+5 5.98E+5 6.44E+5 7.86E+5 8.16E+5 9.69E+5 1.01E+6
 (*, 11,  5)  2.09E+5 2.45E+5 3.09E+5 3.97E+5 4.88E+5 5.77E+5 6.69E+5 5.15E+5 5.61E+5 6.08E+5 6.57E+5 8.08E+5 8.40E+5 9.99E+5 1.05E+6
 (*, 12,  5)  1.91E+5 2.16E+5 2.65E+5 3.38E+5 4.20E+5 5.02E+5 5.86E+5 4.53E+5 4.95E+5 5.37E+5 5.82E+5 7.14E+5 7.44E+5 8.95E+5 9.51E+5
 (*, 13,  5)   -----  1.96E+5 2.26E+5 2.77E+5 3.48E+5 4.28E+5 5.07E+5 3.94E+5 4.30E+5 4.68E+5 5.07E+5 6.24E+5 6.54E+5 7.92E+5 8.54E+5
 (*, 14,  5)   -----  3.50E+5 3.74E+5 4.23E+5 5.06E+5 6.20E+5 7.42E+5 5.82E+5 6.43E+5 7.08E+5 7.74E+5 9.57E+5 1.01E+6 1.23E+6 1.35E+6
 (*, 15,  5)   -----   -----   -----  3.99E+5 4.28E+5 4.77E+5 5.41E+5 4.17E+5 4.61E+5 5.10E+5 5.61E+5 7.00E+5  -----   -----   ----- 

 (I,  J,  K) I=  1       2       3       4       5       6       7       8       9      10      11      12      13      14      15

 (*,  1,  6)   -----   -----   -----   -----   -----   -----   -----   -----   -----   -----   -----   -----   -----   -----   ----- 
 (*,  2,  6)   -----   -----   -----   -----   -----   -----   -----   -----   -----   -----   -----   -----   -----   -----   ----- 
 (*,  3,  6)   -----   -----   -----   -----   -----   -----   -----   -----   -----   -----   -----   -----   -----   -----   ----- 
 (*,  4,  6)   -----   -----   -----   -----   -----   -----   -----   -----   -----   -----   -----   -----   -----   -----   ----- 
 (*,  5,  6)   -----   -----   -----   -----   -----   -----   -----   -----   -----   -----   -----   -----   -----   -----   ----- 
 (*,  6,  6)   -----   -----   -----   -----   -----   -----   -----   -----   -----   -----   -----   -----   -----   -----   ----- 
 (*,  7,  6)   -----   -----   -----   -----   -----   -----   -----   -----   -----   -----   -----   -----   -----   -----   ----- 
 (*,  8,  6)   -----   -----   -----   -----   -----   -----   -----   -----   -----   -----   -----   -----   -----   -----   ----- 
 (*,  9,  6)   -----   -----   -----   -----   -----   -----   -----   -----   -----   -----   -----   -----   -----   -----   ----- 
 (*, 10,  6)   -----   -----   -----   -----   -----   -----   -----   -----   -----   -----   -----   -----   -----   -----   ----- 
 (*, 11,  6)   -----   -----   -----   -----   -----   -----   -----   -----   -----   -----   -----   -----   -----   -----   ----- 
 (*, 12,  6)   -----   -----   -----   -----   -----   -----   -----   -----   -----   -----   -----   -----   -----   -----   ----- 
 (*, 13,  6)   -----   -----   -----   -----   -----   -----   -----   -----   -----   -----   -----   -----   -----   -----   ----- 
 (*, 14,  6)   -----   -----   -----   -----   -----   -----   -----   -----   -----   -----   -----   -----   -----   -----   ----- 
 (*, 15,  6)   -----   -----   -----   -----   -----   -----   -----   -----   -----   -----   -----   -----   -----   -----   ----- 

 (I,  J,  K) I=  1       2       3       4       5       6       7       8       9      10      11      12      13      14      15

 (*,  1,  7)   -----   -----   -----   -----   -----   -----   -----  7.43E+6 7.40E+6 7.42E+6 7.43E+6 8.42E+6  -----   -----   ----- 
 (*,  2,  7)   -----   -----   -----   -----  9.69E+6 9.43E+6 9.17E+6 6.19E+6 6.12E+6 6.08E+6 6.03E+6 6.81E+6 6.60E+6 7.46E+6 7.51E+6
 (*,  3,  7)   -----   -----  4.58E+6 4.51E+6 4.36E+6 4.20E+6 4.05E+6 2.72E+6 2.67E+6 2.64E+6 2.60E+6 2.94E+6 2.85E+6 3.23E+6 3.27E+6
 (*,  4,  7)   -----   -----  4.59E+6 4.48E+6 4.32E+6 4.16E+6 3.99E+6 2.66E+6 2.61E+6 2.58E+6 2.55E+6 2.89E+6 2.80E+6 3.17E+6 3.21E+6
 (*,  5,  7)   -----  4.65E+6 4.59E+6 4.45E+6 4.32E+6 4.15E+6 3.96E+6 2.64E+6 2.58E+6 2.55E+6 2.54E+6 2.89E+6 2.80E+6 3.17E+6 3.20E+6
 (*,  6,  7)   -----  4.68E+6 4.59E+6 4.42E+6 4.28E+6 4.12E+6 3.93E+6 2.63E+6 2.59E+6 2.57E+6 2.56E+6 2.90E+6 2.82E+6 3.18E+6 3.21E+6
 (*,  7,  7)   -----  4.70E+6 4.59E+6 4.41E+6 4.24E+6 4.08E+6 3.94E+6 2.65E+6 2.62E+6 2.60E+6 2.59E+6 2.93E+6 2.83E+6 3.19E+6 3.22E+6
 (*,  8,  7)   -----  4.72E+6 4.62E+6 4.43E+6 4.24E+6 4.09E+6 3.99E+6 2.68E+6 2.65E+6 2.63E+6 2.61E+6 2.95E+6 2.84E+6 3.20E+6 3.23E+6
 (*,  9,  7)  5.40E+6 5.41E+6 5.30E+6 5.10E+6 4.90E+6 4.74E+6 4.60E+6 3.09E+6 3.05E+6 3.02E+6 3.00E+6 3.38E+6 3.26E+6 3.67E+6 3.70E+6
 (*, 10,  7)  5.34E+6 5.35E+6 5.25E+6 5.05E+6 4.85E+6 4.71E+6 4.57E+6 3.07E+6 3.03E+6 3.00E+6 2.97E+6 3.35E+6 3.23E+6 3.64E+6 3.66E+6
 (*, 11,  7)  6.01E+6 6.05E+6 5.97E+6 5.79E+6 5.60E+6 5.42E+6 5.22E+6 3.50E+6 3.44E+6 3.40E+6 3.37E+6 3.81E+6 3.67E+6 4.13E+6 4.15E+6
 (*, 12,  7)  5.98E+6 6.04E+6 5.99E+6 5.83E+6 5.67E+6 5.48E+6 5.30E+6 3.56E+6 3.50E+6 3.46E+6 3.43E+6 3.87E+6 3.72E+6 4.18E+6 4.19E+6
 (*, 13,  7)   -----  5.98E+6 5.93E+6 5.79E+6 5.64E+6 5.49E+6 5.36E+6 3.62E+6 3.59E+6 3.56E+6 3.54E+6 3.98E+6 3.82E+6 4.28E+6 4.29E+6
 (*, 14,  7)   -----  1.12E+7 1.12E+7 1.11E+7 1.09E+7 1.07E+7 1.06E+7 7.24E+6 7.19E+6 7.15E+6 7.12E+6 8.06E+6 7.77E+6 8.71E+6 8.71E+6
 (*, 15,  7)   -----   -----   -----  1.24E+7 1.24E+7 1.24E+7 1.24E+7 8.59E+6 8.58E+6 8.56E+6 8.55E+6 9.71E+6  -----   -----   ----- 

 (I,  J,  K) I=  1       2       3       4       5       6       7       8       9      10      11      12      13      14      15

 (*,  1,  8)   -----   -----   -----   -----   -----   -----   -----  2.33E+6 2.37E+6 2.38E+6 2.37E+6 2.67E+6  -----   -----   ----- 
 (*,  2,  8)   -----   -----   -----   -----  2.82E+6 3.10E+6 3.35E+6 2.41E+6 2.46E+6 2.48E+6 2.48E+6 2.81E+6 2.70E+6 3.01E+6 2.96E+6
 (*,  3,  8)   -----   -----  1.10E+6 1.26E+6 1.41E+6 1.54E+6 1.65E+6 1.18E+6 1.21E+6 1.22E+6 1.22E+6 1.39E+6 1.33E+6 1.48E+6 1.46E+6
 (*,  4,  8)   -----   -----  1.15E+6 1.31E+6 1.46E+6 1.60E+6 1.71E+6 1.22E+6 1.25E+6 1.26E+6 1.26E+6 1.43E+6 1.37E+6 1.53E+6 1.50E+6
 (*,  5,  8)   -----  1.01E+6 1.17E+6 1.34E+6 1.50E+6 1.63E+6 1.74E+6 1.25E+6 1.27E+6 1.29E+6 1.29E+6 1.46E+6 1.41E+6 1.56E+6 1.54E+6
 (*,  6,  8)   -----  1.02E+6 1.18E+6 1.36E+6 1.52E+6 1.65E+6 1.75E+6 1.25E+6 1.28E+6 1.30E+6 1.31E+6 1.49E+6 1.43E+6 1.60E+6 1.57E+6
 (*,  7,  8)   -----  1.01E+6 1.18E+6 1.37E+6 1.53E+6 1.66E+6 1.76E+6 1.26E+6 1.29E+6 1.31E+6 1.33E+6 1.51E+6 1.46E+6 1.62E+6 1.60E+6
 (*,  8,  8)   -----  1.01E+6 1.19E+6 1.37E+6 1.54E+6 1.67E+6 1.78E+6 1.27E+6 1.30E+6 1.32E+6 1.34E+6 1.52E+6 1.47E+6 1.64E+6 1.62E+6
 (*,  9,  8)  9.96E+5 1.16E+6 1.36E+6 1.57E+6 1.76E+6 1.92E+6 2.04E+6 1.46E+6 1.49E+6 1.52E+6 1.53E+6 1.75E+6 1.69E+6 1.88E+6 1.85E+6
 (*, 10,  8)  9.77E+5 1.14E+6 1.33E+6 1.54E+6 1.72E+6 1.88E+6 2.00E+6 1.43E+6 1.46E+6 1.49E+6 1.50E+6 1.71E+6 1.66E+6 1.85E+6 1.82E+6
 (*, 11,  8)  1.07E+6 1.26E+6 1.47E+6 1.69E+6 1.90E+6 2.08E+6 2.22E+6 1.59E+6 1.63E+6 1.66E+6 1.67E+6 1.91E+6 1.84E+6 2.06E+6 2.03E+6
 (*, 12,  8)  1.03E+6 1.21E+6 1.41E+6 1.63E+6 1.84E+6 2.03E+6 2.18E+6 1.56E+6 1.60E+6 1.62E+6 1.63E+6 1.86E+6 1.80E+6 2.01E+6 1.99E+6
 (*, 13,  8)   -----  1.15E+6 1.34E+6 1.55E+6 1.76E+6 1.95E+6 2.10E+6 1.51E+6 1.55E+6 1.57E+6 1.58E+6 1.79E+6 1.73E+6 1.94E+6 1.92E+6
 (*, 14,  8)   -----  1.96E+6 2.29E+6 2.65E+6 3.03E+6 3.38E+6 3.69E+6 2.69E+6 2.76E+6 2.80E+6 2.80E+6 3.16E+6 3.03E+6 3.37E+6 3.31E+6
 (*, 15,  8)   -----   -----   -----  2.32E+6 2.63E+6 2.94E+6 3.25E+6 2.39E+6 2.47E+6 2.50E+6 2.51E+6 2.82E+6  -----   -----   ----- 

 (I,  J,  K) I= 16      17      18      19      20

 (*,  1,  1)   -----   -----   -----   -----   ----- 
 (*,  2,  1)  2.25E+6 2.33E+6  -----   -----   ----- 
 (*,  3,  1)  1.01E+6 1.05E+6 1.99E+6  -----   ----- 
 (*,  4,  1)  1.01E+6 1.04E+6 1.97E+6 2.36E+6  ----- 
 (*,  5,  1)  1.00E+6 1.03E+6 1.96E+6 2.34E+6  ----- 
 (*,  6,  1)  9.95E+5 1.02E+6 1.94E+6 2.32E+6  ----- 
 (*,  7,  1)  9.86E+5 1.02E+6 1.92E+6 2.30E+6 2.94E+6
 (*,  8,  1)  9.78E+5 1.01E+6 1.90E+6 2.28E+6 2.91E+6
 (*,  9,  1)  1.10E+6 1.14E+6 2.15E+6 2.58E+6 3.29E+6
 (*, 10,  1)  1.08E+6 1.11E+6 2.10E+6 2.52E+6  ----- 
 (*, 11,  1)  1.21E+6 1.24E+6 2.35E+6 2.81E+6  ----- 
 (*, 12,  1)  1.19E+6 1.23E+6 2.32E+6 2.78E+6  ----- 
 (*, 13,  1)  1.17E+6 1.21E+6 2.29E+6 2.75E+6  ----- 
 (*, 14,  1)  2.18E+6 2.27E+6 4.32E+6  -----   ----- 
 (*, 15,  1)   -----   -----   -----   -----   ----- 

 (I,  J,  K) I= 16      17      18      19      20

 (*,  1,  2)   -----   -----   -----   -----   ----- 
 (*,  2,  2)  2.45E+6 2.35E+6  -----   -----   ----- 
 (*,  3,  2)  1.30E+6 1.25E+6 2.10E+6  -----   ----- 
 (*,  4,  2)  1.40E+6 1.35E+6 2.27E+6 2.27E+6  ----- 
 (*,  5,  2)  1.48E+6 1.43E+6 2.41E+6 2.39E+6  ----- 
 (*,  6,  2)  1.53E+6 1.48E+6 2.50E+6 2.48E+6  ----- 
 (*,  7,  2)  1.57E+6 1.52E+6 2.56E+6 2.52E+6 2.45E+6
 (*,  8,  2)  1.58E+6 1.53E+6 2.57E+6 2.51E+6 2.45E+6
 (*,  9,  2)  1.81E+6 1.75E+6 2.94E+6 2.86E+6 2.80E+6
 (*, 10,  2)  1.78E+6 1.72E+6 2.88E+6 2.81E+6  ----- 
 (*, 11,  2)  1.97E+6 1.90E+6 3.17E+6 3.10E+6  ----- 
 (*, 12,  2)  1.90E+6 1.83E+6 3.05E+6 2.98E+6  ----- 
 (*, 13,  2)  1.78E+6 1.72E+6 2.91E+6 2.90E+6  ----- 
 (*, 14,  2)  2.91E+6 2.88E+6 4.96E+6  -----   ----- 
 (*, 15,  2)   -----   -----   -----   -----   ----- 

 (I,  J,  K) I= 16      17      18      19      20

 (*,  1,  3)   -----   -----   -----   -----   ----- 
 (*,  2,  3)  2.54E+6 2.62E+6  -----   -----   ----- 
 (*,  3,  3)  1.13E+6 1.17E+6 2.24E+6  -----   ----- 
 (*,  4,  3)  1.13E+6 1.17E+6 2.23E+6 2.77E+6  ----- 
 (*,  5,  3)  1.12E+6 1.16E+6 2.22E+6 2.76E+6  ----- 
 (*,  6,  3)  1.11E+6 1.15E+6 2.20E+6 2.73E+6  ----- 
 (*,  7,  3)  1.09E+6 1.13E+6 2.17E+6 2.70E+6 3.68E+6
 (*,  8,  3)  1.07E+6 1.11E+6 2.14E+6 2.66E+6 3.63E+6
 (*,  9,  3)  1.21E+6 1.25E+6 2.41E+6 3.00E+6 4.09E+6
 (*, 10,  3)  1.18E+6 1.23E+6 2.36E+6 2.94E+6  ----- 
 (*, 11,  3)  1.32E+6 1.38E+6 2.65E+6 3.29E+6  ----- 
 (*, 12,  3)  1.32E+6 1.37E+6 2.64E+6 3.27E+6  ----- 
 (*, 13,  3)  1.31E+6 1.36E+6 2.62E+6 3.25E+6  ----- 
 (*, 14,  3)  2.44E+6 2.57E+6 4.98E+6  -----   ----- 
 (*, 15,  3)   -----   -----   -----   -----   ----- 

 (I,  J,  K) I= 16      17      18      19      20

 (*,  1,  4)   -----   -----   -----   -----   ----- 
 (*,  2,  4)   -----   -----   -----   -----   ----- 
 (*,  3,  4)   -----   -----   -----   -----   ----- 
 (*,  4,  4)   -----   -----   -----   -----   ----- 
 (*,  5,  4)   -----   -----   -----   -----   ----- 
 (*,  6,  4)   -----   -----   -----   -----   ----- 
 (*,  7,  4)   -----   -----   -----   -----   ----- 
 (*,  8,  4)   -----   -----   -----   -----   ----- 
 (*,  9,  4)   -----   -----   -----   -----   ----- 
 (*, 10,  4)   -----   -----   -----   -----   ----- 
 (*, 11,  4)   -----   -----   -----   -----   ----- 
 (*, 12,  4)   32422.  4572.3  -----   -----   ----- 
 (*, 13,  4)  1.22E+5  48635.  18784.  -----   ----- 
 (*, 14,  4)  5.61E+5 3.73E+5 3.09E+5  -----   ----- 
 (*, 15,  4)   -----   -----   -----   -----   ----- 

 (I,  J,  K) I= 16      17      18      19      20

 (*,  1,  5)   -----   -----   -----   -----   ----- 
 (*,  2,  5)  3.31E+6 3.43E+6  -----   -----   ----- 
 (*,  3,  5)  1.40E+6 1.46E+6 2.78E+6  -----   ----- 
 (*,  4,  5)  1.33E+6 1.39E+6 2.65E+6 3.20E+6  ----- 
 (*,  5,  5)  1.26E+6 1.32E+6 2.53E+6 3.08E+6  ----- 
 (*,  6,  5)  1.20E+6 1.25E+6 2.41E+6 2.94E+6  ----- 
 (*,  7,  5)  1.13E+6 1.19E+6 2.29E+6 2.79E+6 3.65E+6
 (*,  8,  5)  1.07E+6 1.13E+6 2.17E+6 2.65E+6 3.48E+6
 (*,  9,  5)  1.15E+6 1.21E+6 2.33E+6 2.87E+6 3.78E+6
 (*, 10,  5)  1.06E+6 1.11E+6 2.15E+6 2.65E+6  ----- 
 (*, 11,  5)  1.10E+6 1.16E+6 2.25E+6 2.79E+6  ----- 
 (*, 12,  5)  1.00E+6 1.07E+6 2.09E+6 2.58E+6  ----- 
 (*, 13,  5)  9.20E+5 9.93E+5 1.94E+6 2.37E+6  ----- 
 (*, 14,  5)  1.48E+6 1.61E+6 3.18E+6  -----   ----- 
 (*, 15,  5)   -----   -----   -----   -----   ----- 

 (I,  J,  K) I= 16      17      18      19      20

 (*,  1,  6)   -----   -----   -----   -----   ----- 
 (*,  2,  6)   -----   -----   -----   -----   ----- 
 (*,  3,  6)   -----   -----   -----   -----   ----- 
 (*,  4,  6)   -----   -----   -----   -----   ----- 
 (*,  5,  6)   -----   -----   -----   -----   ----- 
 (*,  6,  6)   -----   -----   -----   -----   ----- 
 (*,  7,  6)   -----   -----   -----   -----   ----- 
 (*,  8,  6)   -----   -----   -----   -----   ----- 
 (*,  9,  6)   -----   -----   -----   -----   ----- 
 (*, 10,  6)   -----   -----   -----   -----   ----- 
 (*, 11,  6)   -----   -----   -----   -----   ----- 
 (*, 12,  6)   -----   -----   -----   -----   ----- 
 (*, 13,  6)   -----   -----   -----   -----   ----- 
 (*, 14,  6)   -----   -----   -----   -----   ----- 
 (*, 15,  6)   -----   -----   -----   -----   ----- 

 (I,  J,  K) I= 16      17      18      19      20

 (*,  1,  7)   -----   -----   -----   -----   ----- 
 (*,  2,  7)  7.63E+6 7.79E+6  -----   -----   ----- 
 (*,  3,  7)  3.34E+6 3.43E+6 6.40E+6  -----   ----- 
 (*,  4,  7)  3.27E+6 3.35E+6 6.30E+6 7.58E+6  ----- 
 (*,  5,  7)  3.25E+6 3.32E+6 6.25E+6 7.53E+6  ----- 
 (*,  6,  7)  3.25E+6 3.31E+6 6.22E+6 7.48E+6  ----- 
 (*,  7,  7)  3.26E+6 3.31E+6 6.23E+6 7.49E+6 9.59E+6
 (*,  8,  7)  3.27E+6 3.33E+6 6.26E+6 7.52E+6 9.61E+6
 (*,  9,  7)  3.75E+6 3.81E+6 7.15E+6 8.61E+6 1.10E+7
 (*, 10,  7)  3.70E+6 3.76E+6 7.08E+6 8.55E+6  ----- 
 (*, 11,  7)  4.19E+6 4.25E+6 8.03E+6 9.67E+6  ----- 
 (*, 12,  7)  4.23E+6 4.29E+6 8.07E+6 9.64E+6  ----- 
 (*, 13,  7)  4.32E+6 4.39E+6 8.18E+6 9.68E+6  ----- 
 (*, 14,  7)  8.76E+6 8.84E+6 1.62E+7  -----   ----- 
 (*, 15,  7)   -----   -----   -----   -----   ----- 

 (I,  J,  K) I= 16      17      18      19      20

 (*,  1,  8)   -----   -----   -----   -----   ----- 
 (*,  2,  8)  2.89E+6 2.78E+6  -----   -----   ----- 
 (*,  3,  8)  1.42E+6 1.37E+6 2.28E+6  -----   ----- 
 (*,  4,  8)  1.46E+6 1.40E+6 2.37E+6 2.33E+6  ----- 
 (*,  5,  8)  1.49E+6 1.45E+6 2.46E+6 2.41E+6  ----- 
 (*,  6,  8)  1.54E+6 1.50E+6 2.57E+6 2.48E+6  ----- 
 (*,  7,  8)  1.57E+6 1.54E+6 2.63E+6 2.52E+6 2.33E+6
 (*,  8,  8)  1.59E+6 1.55E+6 2.63E+6 2.54E+6 2.35E+6
 (*,  9,  8)  1.81E+6 1.76E+6 2.98E+6 2.91E+6 2.71E+6
 (*, 10,  8)  1.78E+6 1.72E+6 2.91E+6 2.85E+6  ----- 
 (*, 11,  8)  1.99E+6 1.93E+6 3.24E+6 3.15E+6  ----- 
 (*, 12,  8)  1.94E+6 1.87E+6 3.14E+6 3.02E+6  ----- 
 (*, 13,  8)  1.86E+6 1.78E+6 2.97E+6 2.87E+6  ----- 
 (*, 14,  8)  3.20E+6 3.06E+6 5.09E+6  -----   ----- 
 (*, 15,  8)   -----   -----   -----   -----   ----- 
1                             **********************************************************************   3
  ALL NNCS AT     0.00   DAYS *ECLIPSE TEST MODEL                                                      * ECLIPSE  VERSION 2009.1     
  REPORT   0     1 JAN 1990   *  RUN                                                                   * RUN AT 21:55 ON 22 MAR 2017 
                              **************************************************************************
 

 LIST OF ALL NON-NEIGHBOUR CONNECTIONS
 -------------------------------------


      FIRST CELL     SECOND CELL  TRANSMISSIBILITY    DIFFUSIVITY    THERMAL        SATURATION  PRESSURE     V.E. FACES  TYPE
      I    J    K    I    J    K    IN CPB/D/PS         FEET         TRANS          TABLES      TABLES
      -----------    -----------  ----------------    -----------    -------        ----------  ----------   ----------  --------
     12    2    7   13    2    1              1.892                                    0    0      0    0                X-FAULT 
     12    2    7   13    2    2             99.359                                    0    0      0    0                X-FAULT 
     12    2    7   13    2    3             87.374                                    0    0      0    0                X-FAULT 
     12    2    7   13    2    5             15.483                                    0    0      0    0                X-FAULT 
     12    2    8   13    2    5              1.672                                    0    0      0    0                X-FAULT 
     12    3    7   13    3    1              0.697                                    0    0      0    0                X-FAULT 
     12    3    7   13    3    2             61.873                                    0    0      0    0                X-FAULT 
     12    3    7   13    3    3             34.014                                    0    0      0    0                X-FAULT 
     12    3    7   13    3    5              2.034                                    0    0      0    0                X-FAULT 
     12    3    8   13    3    3              0.119                                    0    0      0    0                X-FAULT 
     12    3    8   13    3    5              0.968                                    0    0      0    0                X-FAULT 
     12    4    7   13    4    1              1.193                                    0    0      0    0                X-FAULT 
     12    4    7   13    4    2             72.566                                    0    0      0    0                X-FAULT 
     12    4    7   13    4    3              8.414                                    0    0      0    0                X-FAULT 
     12    4    8   13    4    2              0.032                                    0    0      0    0                X-FAULT 
     12    4    8   13    4    3              0.808                                    0    0      0    0                X-FAULT 
     12    4    8   13    4    5              1.019                                    0    0      0    0                X-FAULT 
     12    5    7   13    5    1              1.226                                    0    0      0    0                X-FAULT 
     12    5    7   13    5    2             66.476                                    0    0      0    0                X-FAULT 
     12    5    8   13    5    2              0.348                                    0    0      0    0                X-FAULT 
     12    5    8   13    5    3              1.123                                    0    0      0    0                X-FAULT 
     12    5    8   13    5    5              0.765                                    0    0      0    0                X-FAULT 
     12    6    7   13    6    1              1.182                                    0    0      0    0                X-FAULT 
     12    6    7   13    6    2             66.711                                    0    0      0    0                X-FAULT 
     12    6    8   13    6    2              0.512                                    0    0      0    0                X-FAULT 
     12    6    8   13    6    3              1.201                                    0    0      0    0                X-FAULT 
     12    6    8   13    6    5              0.698                                    0    0      0    0                X-FAULT 
     12    7    7   13    7    1              1.099                                    0    0      0    0                X-FAULT 
     12    7    7   13    7    2             92.559                                    0    0      0    0                X-FAULT 
     12    7    7   13    7    3              1.173                                    0    0      0    0                X-FAULT 
     12    7    8   13    7    2              0.199                                    0    0      0    0                X-FAULT 
     12    7    8   13    7    3              1.214                                    0    0      0    0                X-FAULT 
     12    7    8   13    7    4              0.006                                    0    0      0    0                X-FAULT 
     12    7    8   13    7    5              1.009                                    0    0      0    0                X-FAULT 
     12    8    7   13    8    1              0.458                                    0    0      0    0                X-FAULT 
     12    8    7   13    8    2            108.962                                    0    0      0    0                X-FAULT 
     12    8    7   13    8    3             21.030                                    0    0      0    0                X-FAULT 
     12    8    7   13    8    4              0.017                                    0    0      0    0                X-FAULT 
     12    8    8   13    8    3              0.475                                    0    0      0    0                X-FAULT 
     12    8    8   13    8    4              0.051                                    0    0      0    0                X-FAULT 
     12    8    8   13    8    5              1.100                                    0    0      0    0                X-FAULT 
     12    9    5   13    9    1              0.256                                    0    0      0    0                X-FAULT 
     12    9    7   13    9    1              0.001                                    0    0      0    0                X-FAULT 
     12    9    7   13    9    2             88.153                                    0    0      0    0                X-FAULT 
     12    9    7   13    9    3             35.816                                    0    0      0    0                X-FAULT 
     12    9    7   13    9    4              1.199                                    0    0      0    0                X-FAULT 
     12    9    7   13    9    5             22.414                                    0    0      0    0                X-FAULT 
     12    9    8   13    9    4              0.000                                    0    0      0    0                X-FAULT 
     12    9    8   13    9    5              0.583                                    0    0      0    0                X-FAULT 
     12    9    8   13    9    7              0.459                                    0    0      0    0                X-FAULT 
     12   10    7   13   10    1              1.062                                    0    0      0    0                X-FAULT 
     12   10    8   13   10    1              0.044                                    0    0      0    0                X-FAULT 
     12   10    8   13   10    2              2.077                                    0    0      0    0                X-FAULT 
     12   10    8   13   10    3              0.786                                    0    0      0    0                X-FAULT 
     12   11    7   13   11    1              1.213                                    0    0      0    0                X-FAULT 
     12   11    7   13   11    2             46.544                                    0    0      0    0                X-FAULT 
     12   11    8   13   11    1              0.004                                    0    0      0    0                X-FAULT 
     12   11    8   13   11    2              1.432                                    0    0      0    0                X-FAULT 
     12   11    8   13   11    3              1.400                                    0    0      0    0                X-FAULT 
     12   11    8   13   11    4              0.196                                    0    0      0    0                X-FAULT 
     12   11    8   13   11    5              0.107                                    0    0      0    0                X-FAULT 
     12   12    7   13   12    1              1.143                                    0    0      0    0                X-FAULT 
     12   12    7   13   12    2             82.120                                    0    0      0    0                X-FAULT 
     12   12    8   13   12    2              0.609                                    0    0      0    0                X-FAULT 
     12   12    8   13   12    3              1.435                                    0    0      0    0                X-FAULT 
     12   12    8   13   12    4              0.488                                    0    0      0    0                X-FAULT 
     12   12    8   13   12    5              0.287                                    0    0      0    0                X-FAULT 
     12   13    7   13   13    1              1.048                                    0    0      0    0                X-FAULT 
     12   13    7   13   13    2             63.444                                    0    0      0    0                X-FAULT 
     12   13    8   13   13    2              0.606                                    0    0      0    0                X-FAULT 
     12   13    8   13   13    3              1.280                                    0    0      0    0                X-FAULT 
     12   13    8   13   13    4              0.563                                    0    0      0    0                X-FAULT 
     12   13    8   13   13    5              0.028                                    0    0      0    0                X-FAULT 
     12   14    7   13   14    1              1.766                                    0    0      0    0                X-FAULT 
     12   14    7   13   14    2             72.665                                    0    0      0    0                X-FAULT 
     12   14    8   13   14    2              0.962                                    0    0      0    0                X-FAULT 
     12   14    8   13   14    3              1.996                                    0    0      0    0                X-FAULT 
     12   14    8   13   14    4              0.735                                    0    0      0    0                X-FAULT 
     12   14    8   13   14    5              0.002                                    0    0      0    0                X-FAULT 
     13    9    3   13   10    1              0.166                                    0    0      0    0                Y-FAULT 
     13    9    4   13   10    1              0.064                                    0    0      0    0                Y-FAULT 
     13    9    5   13   10    1              0.598                                    0    0      0    0                Y-FAULT 
     13    9    5   13   10    2              0.066                                    0    0      0    0                Y-FAULT 
     13    9    7   13   10    2              7.470                                    0    0      0    0                Y-FAULT 
     13    9    7   13   10    3             25.377                                    0    0      0    0                Y-FAULT 
     13    9    7   13   10    4              0.823                                    0    0      0    0                Y-FAULT 
     13    9    7   13   10    5             31.697                                    0    0      0    0                Y-FAULT 
     13    9    8   13   10    7              1.403                                    0    0      0    0                Y-FAULT 
     14    9    3   14   10    1              0.396                                    0    0      0    0                Y-FAULT 
     14    9    4   14   10    1              0.017                                    0    0      0    0                Y-FAULT 
     14    9    5   14   10    1              0.617                                    0    0      0    0                Y-FAULT 
     14    9    5   14   10    2              5.149                                    0    0      0    0                Y-FAULT 
     14    9    7   14   10    2              0.342                                    0    0      0    0                Y-FAULT 
     14    9    7   14   10    3             28.263                                    0    0      0    0                Y-FAULT 
     14    9    7   14   10    4              0.208                                    0    0      0    0                Y-FAULT 
     14    9    7   14   10    5             38.748                                    0    0      0    0                Y-FAULT 
     14    9    8   14   10    7              1.835                                    0    0      0    0                Y-FAULT 
     15    9    3   15   10    1              0.586                                    0    0      0    0                Y-FAULT 
     15    9    5   15   10    1              0.507                                    0    0      0    0                Y-FAULT 
     15    9    5   15   10    2             12.504                                    0    0      0    0                Y-FAULT 
     15    9    7   15   10    3             21.733                                    0    0      0    0                Y-FAULT 
     15    9    7   15   10    5             41.550                                    0    0      0    0                Y-FAULT 
     15    9    8   15   10    7              2.034                                    0    0      0    0                Y-FAULT 
     16    9    3   16   10    1              0.771                                    0    0      0    0                Y-FAULT 
     16    9    5   16   10    1              0.380                                    0    0      0    0                Y-FAULT 
     16    9    5   16   10    2             20.333                                    0    0      0    0                Y-FAULT 
     16    9    7   16   10    3             11.425                                    0    0      0    0                Y-FAULT 
     16    9    7   16   10    5             44.086                                    0    0      0    0                Y-FAULT 
     16    9    8   16   10    7              2.196                                    0    0      0    0                Y-FAULT 
     17    9    3   17   10    1              0.890                                    0    0      0    0                Y-FAULT 
     17    9    5   17   10    1              0.320                                    0    0      0    0                Y-FAULT 
     17    9    5   17   10    2             24.725                                    0    0      0    0                Y-FAULT 
     17    9    7   17   10    3              1.653                                    0    0      0    0                Y-FAULT 
     17    9    7   17   10    5             46.401                                    0    0      0    0                Y-FAULT 
     17    9    8   17   10    7              2.218                                    0    0      0    0                Y-FAULT 
     18    9    3   18   10    1              1.332                                    0    0      0    0                Y-FAULT 
     18    9    5   18   10    1              1.003                                    0    0      0    0                Y-FAULT 
     18    9    5   18   10    2             30.054                                    0    0      0    0                Y-FAULT 
     18    9    7   18   10    3              1.552                                    0    0      0    0                Y-FAULT 
     18    9    7   18   10    5             90.101                                    0    0      0    0                Y-FAULT 
     18    9    8   18   10    7              3.192                                    0    0      0    0                Y-FAULT 
     19    9    3   19   10    1              1.271                                    0    0      0    0                Y-FAULT 
     19    9    5   19   10    1              1.622                                    0    0      0    0                Y-FAULT 
     19    9    5   19   10    2             20.419                                    0    0      0    0                Y-FAULT 
     19    9    7   19   10    3              0.578                                    0    0      0    0                Y-FAULT 
     19    9    7   19   10    5            100.184                                    0    0      0    0                Y-FAULT 
     19    9    8   19   10    7              2.456                                    0    0      0    0                Y-FAULT 
      -----------    -----------  ----------------    -----------    -------        ----------  ----------   ----------  --------

 MINIMUM TRANSMISSIBILITY  0.42709E-03 FROM    12    9    8 TO    13    9    4
 MAXIMUM TRANSMISSIBILITY   108.96     FROM    12    8    7 TO    13    8    2


 @--MESSAGE  AT TIME        0.0   DAYS    ( 1-JAN-1990):
 @           NUMBER OF ACTIVE CELLS IS 1639                                  

 @--MESSAGE  AT TIME        0.0   DAYS    ( 1-JAN-1990):
 @           ADDITIONAL     0.317 MEGABYTES REQUIRED FOR SIMULATION          

 @--MESSAGE  AT TIME        0.0   DAYS    ( 1-JAN-1990):
 @           THE MEMORY REQUIRED TO PROCESS THE SOLUTION SECTION IS          
 @                 3527 KBYTES                                               

 @--MESSAGE  AT TIME        0.0   DAYS    ( 1-JAN-1990):
 @              58691 CHARACTER VARIABLES USED                               
    36 READING PVDG    
    37 READING PVTO    
    38 READING PVTW    
    39 READING GRAVITY 
    40 READING ROCK    
    41 READING SGFN    
    42 READING SOF3    
    43 READING SWFN    
    44 READING ENPTVD  
    45 READING TRACER  

 @--WARNING  AT TIME        0.0   DAYS    ( 1-JAN-1990):
 @           POST-PROCESSORS MAY HAVE TROUBLE READING RESULTS FOR TRACERS    
 @           WHOSE NAME BEGIN WITH EITHER F OR S                             
    46 READING RPTPROPS
    47 READING REGIONS 
1                             **********************************************************************   4
  PVTO     AT     0.00   DAYS *ECLIPSE TEST MODEL                                                      * ECLIPSE  VERSION 2009.1     
  REPORT   0     1 JAN 1990   *  RUN                                                                   * RUN AT 21:55 ON 22 MAR 2017 
                              **************************************************************************

  --------------------------------- 
  OIL PVT FUNCTIONS       TABLE   1
  --------------------------------- 

    RS    PRESSURE    BO       VO   
 MSCF/STB   PSIA    RB/STB   CPOISE 


    0.137
           1214.70   1.1720   1.9700

    0.195
           1414.70   1.2000   1.5560

    0.241
           1614.70   1.2210   1.3970

    0.288
           1814.70   1.2420   1.2800

    0.375
           2214.70   1.2780   1.0950

    0.465
           2614.70   1.3200   0.9670

    0.558
           3014.70   1.3600   0.8480

    0.661
           3414.70   1.4020   0.7620

    0.770
           3814.70   1.4470   0.6910
           4214.70   1.4405   0.6940
           4614.70   1.4340   0.6970

  --------------------------------- 
  OIL PVT FUNCTIONS       TABLE   2
  --------------------------------- 

    RS    PRESSURE    BO       VO   
 MSCF/STB   PSIA    RB/STB   CPOISE 


    0.137
           1214.70   1.1720   2.0700

    0.195
           1414.70   1.2000   1.6560

    0.241
           1614.70   1.2210   1.4970

    0.288
           1814.70   1.2420   1.3800

    0.375
           2214.70   1.2780   1.1950

    0.465
           2614.70   1.3200   1.0670

    0.558
           3014.70   1.3600   0.9480

    0.661
           3414.70   1.4020   0.8620

    0.770
           3814.70   1.4470   0.7910
           4214.70   1.4425   0.7940
1                             **********************************************************************   5
  PVTW     AT     0.00   DAYS *ECLIPSE TEST MODEL                                                      * ECLIPSE  VERSION 2009.1     
  REPORT   0     1 JAN 1990   *  RUN                                                                   * RUN AT 21:55 ON 22 MAR 2017 
                              **************************************************************************

               --------------------
               WATER PVT PROPERTIES
               --------------------

 TABLE   PREF    FVFREF    COMP    VISREF  VISCOMP
         PSIA    RB/STB    1/PSI   CPOISE    1/PSI 

   1    3814.7   1.0231  3.10D-06   0.94  0.00D+00
   2    3814.7   1.0231  3.10D-06   0.94  0.00D+00
1                             **********************************************************************   6
  PVDG     AT     0.00   DAYS *ECLIPSE TEST MODEL                                                      * ECLIPSE  VERSION 2009.1     
  REPORT   0     1 JAN 1990   *  RUN                                                                   * RUN AT 21:55 ON 22 MAR 2017 
                              **************************************************************************

 ---------------------------
 DRY GAS PVT DATA  TABLE   1
 ---------------------------

 PRESSURE     BG       VG   
   PSIA    RB/MSCF  CPOISE 

  1214.70  13.9470   0.0124
  1414.70   7.0280   0.0125
  1614.70   4.6570   0.0128
  1814.70   3.4530   0.0130
  2214.70   2.2400   0.0139
  2614.70   1.6380   0.0148
  3014.70   1.2820   0.0161
  3414.70   1.0520   0.0173
  3814.70   0.8900   0.0187

 ---------------------------
 DRY GAS PVT DATA  TABLE   2
 ---------------------------

 PRESSURE     BG       VG   
   PSIA    RB/MSCF  CPOISE 

  1214.70  13.9470   0.0124
  1414.70   7.0280   0.0125
  1614.70   4.6570   0.0128
  1814.70   3.4530   0.0130
  2214.70   2.2400   0.0139
  2614.70   1.6380   0.0148
  3014.70   1.2820   0.0161
  3414.70   1.0520   0.0173
  3814.70   0.8900   0.0187
1                             **********************************************************************   7
  GRAVITY  AT     0.00   DAYS *ECLIPSE TEST MODEL                                                      * ECLIPSE  VERSION 2009.1     
  REPORT   0     1 JAN 1990   *  RUN                                                                   * RUN AT 21:55 ON 22 MAR 2017 
                              **************************************************************************

           -----------------------
           FLUID SURFACE GRAVITIES
           -----------------------

 TABLE    OIL API     WATER GRAVITY     GAS GRAVITY 
  NO.     GRAVITY                       ( WRT AIR ) 

   1       35.000         1.010             0.750
   2       20.000         1.010             0.750
1                             **********************************************************************   8
  ENPTVD   AT     0.00   DAYS *ECLIPSE TEST MODEL                                                      * ECLIPSE  VERSION 2009.1     
  REPORT   0     1 JAN 1990   *  RUN                                                                   * RUN AT 21:55 ON 22 MAR 2017 
                              **************************************************************************


                                     -----------------------------------------
                                     SATURATION END POINT VS. DEPTH TABLE    1
                                     -----------------------------------------

            CONNATE    CRITICAL   MAXIMUM   CONNATE   CRITICAL   MAXIMUM     CRITICAL       CRITICAL
    DEPTH     WATER      WATER     WATER      GAS       GAS        GAS     OIL-IN-WATER    OIL-IN-GAS
            SATURATN.  SATURATN. SATURATN.  SATURN.  SATURATN.  SATURATN.   SATURATN.       SATURATN.
    FEET  

    6900.0             0.1000                                                0.3000                                                  
    7200.0             0.2000                                                0.2880                                                  
    7300.0             0.3000                                                0.2740                                                  
    7400.0             0.4000                                                0.2570                                                  
    7500.0             0.6000                                                0.2120                                                  
    8100.0             0.6000                                                0.2120                                                  


                                     -----------------------------------------
                                     SATURATION END POINT VS. DEPTH TABLE    2
                                     -----------------------------------------

            CONNATE    CRITICAL   MAXIMUM   CONNATE   CRITICAL   MAXIMUM     CRITICAL       CRITICAL
    DEPTH     WATER      WATER     WATER      GAS       GAS        GAS     OIL-IN-WATER    OIL-IN-GAS
            SATURATN.  SATURATN. SATURATN.  SATURN.  SATURATN.  SATURATN.   SATURATN.       SATURATN.
    FEET  

    6900.0  0.2000     0.2000                                    0.8000      0.4000                                                  
    7300.0  0.2000     0.3000                                    0.8000      0.3730                                                  
    7400.0  0.2000     0.4000                                    0.8000      0.3430                                                  
    7500.0  0.2000     0.5000                                    0.8000      0.3080                                                  
    7600.0  0.2000     0.6000                                    0.8000      0.2670                                                  
    8100.0  0.2000     0.6000                                    0.8000      0.2670                                                  
1                             **********************************************************************   9
  TRACTYPE AT     0.00   DAYS *ECLIPSE TEST MODEL                                                      * ECLIPSE  VERSION 2009.1     
  REPORT   0     1 JAN 1990   *  RUN                                                                   * RUN AT 21:55 ON 22 MAR 2017 
                              **************************************************************************

                            --------------------      
                            TRACER TRACKING DATA      
                            --------------------      

       TRACER NAME      ASSOC. PHASE      TRACER TYPE      SOLUTION METHOD               

           OILAPI           OIL             ACTIVE             CASCADE                
           FGS              GAS             PASSIVE            CASCADE                
           IWT              WATER           PASSIVE            CASCADE                
    48 READING PVTNUM  
    49 READING ENDNUM  
    50 READING EQLNUM  
    51 READING FIPNUM  
    52 READING TNUMFFGS
    53 READING TNUMSFGS
    54 READING TNUMFIWT
    55 READING RPTREGS 
    56 READING SOLUTION
    57 READING RESTART 

 @--  ERROR  AT TIME        0.0   DAYS    ( 1-JAN-1990):
 @           INPUT RESTART FILE                                              
 @           BRILLIG.X0002                                                   
 @           DOES NOT EXIST                                                  

 @--  ERROR  AT TIME        0.0   DAYS    ( 1-JAN-1990):
 @            I/O ERROR UNABLE TO OPEN RESTART FILE                          
 @            ERROR CODE IS :            1                                   

 @--  ERROR  AT TIME        0.0   DAYS    ( 1-JAN-1990):
 @           THERE ARE FATAL ERRORS WHILE OPENING A RESTART FILE             

 Error summary 
 Comments               0
 Warnings               2
 Problems               0
 Errors                 5
 Bugs                   0
 Final cpu       0.00 elapsed       0.00
