


 $$$$$   $$$   $      $$$  $$$$    $$$   $$$$$     $    $$$    $$$ 
 $      $   $  $       $   $   $  $   $  $        $$   $   $  $   $
 $      $      $       $   $   $  $      $         $   $   $  $   $
 $$$$   $      $       $   $$$$    $$$   $$$$      $   $   $  $   $
 $      $      $       $   $          $  $         $   $   $  $   $
 $      $   $  $       $   $      $   $  $         $   $   $  $   $
 $$$$$   $$$   $$$$$  $$$  $       $$$   $$$$$    $$$   $$$    $$$ 



                       $$$$$   $$$   $      $$$  $$$$    $$$   $$$$$     $    $$$    $$$ 
                       $      $   $  $       $   $   $  $   $  $        $$   $   $  $   $
                       $      $      $       $   $   $  $      $         $   $   $  $   $
                       $$$$   $      $       $   $$$$    $$$   $$$$      $   $   $  $   $
                       $      $      $       $   $          $  $         $   $   $  $   $
                       $      $   $  $       $   $      $   $  $         $   $   $  $   $
                       $$$$$   $$$   $$$$$  $$$  $       $$$   $$$$$    $$$   $$$    $$$ 



                                             $$$$$   $$$   $      $$$  $$$$    $$$   $$$$$     $    $$$    $$$ 
                                             $      $   $  $       $   $   $  $   $  $        $$   $   $  $   $
                                             $      $      $       $   $   $  $      $         $   $   $  $   $
                                             $$$$   $      $       $   $$$$    $$$   $$$$      $   $   $  $   $
                                             $      $      $       $   $          $  $         $   $   $  $   $
                                             $      $   $  $       $   $      $   $  $         $   $   $  $   $
                                             $$$$$   $$$   $$$$$  $$$  $       $$$   $$$$$    $$$   $$$    $$$ 



                                                                   $$$$$   $$$   $      $$$  $$$$    $$$   $$$$$     $    $$$    $$$ 
                                                                   $      $   $  $       $   $   $  $   $  $        $$   $   $  $   $
                                                                   $      $      $       $   $   $  $      $         $   $   $  $   $
                                                                   $$$$   $      $       $   $$$$    $$$   $$$$      $   $   $  $   $
                                                                   $      $      $       $   $          $  $         $   $   $  $   $
                                                                   $      $   $  $       $   $      $   $  $         $   $   $  $   $
                                                                   $$$$$   $$$   $$$$$  $$$  $       $$$   $$$$$    $$$   $$$    $$$ 
 
 Version =  2009.1
 Arch    =  PC WINDOWS (32 bit)
Annex    | Modification date    | Update date          | baseline             
=====    | =================    | ===========          | ========             
ECLIPSE  | 27-APR-2009 16:22:47 | 27-APR-2009 19:37:10 | S:\2009.1_w18i
system   | 22-APR-2009 14:52:01 | 25-APR-2009 05:27:35 | S:\2009.1_w18
utility  | 17-FEB-2009 08:34:11 | 25-APR-2009 05:40:00 | S:\2009.1_w18
 

1

 ******** ECHO OF INPUT DATA FOR RUN PARALLEL

 0: ----------------------------------------------------------------------
 0: -- A very simple test case for the shared memory parallel option.
 0: -- --------------------------------------------------------------
 0: --  1. regular grid, 4800 cells
 0: --  2. works OK up to say * processors. See NDMAIN in RUNSPEC
 0: --  3. No NNC or Inactive cells.
 0: --  4. Check .DBG file for Colsum
 0: --     Columns 5 to 8 should be zero to rounding error (<1e-12 say)
 0: --     for all but the first linear iteration.
 0: --  5. Should run 3 to 3.5 times faster on 8 processors than
 0: --     on one (with NDMAIN=1).
 0: ----------------------------------------------------------------------
 0: RUNSPEC
 0: TITLE
 0: PARALLEL BENCHMARK BASED ON ODEH - 4800 CELLS
 0: DEBUG
 0: 
 0: DIMENS
 0:    40   40    3  /
 0: 
 0: NONNC
 0: 
 0: OIL
 0: 
 0: WATER
 0: 
 0: GAS
 0: 
 0: DISGAS
 0: 
 0: FIELD
 0: 
 0: EQLDIMS
 0:     1  100   10    1    1 /
 0: 
 0: TABDIMS
 0:     1    1   16   12    1   12 /
 0: 
 0: WELLDIMS
 0:     2    1    1    2 /
 0: 
 0: LGR
 0:        0           0           0    0    0   10  'NOINTERP' /
 0: 
 0: NUPCOL
 0:     4 /
 0: 
 0: SMRYDIMS
 0:   3000 /
 0: 
 0: START
 0:   19 'OCT' 1982  /
 0: 
 0: NSTACK
 0:    24 /
 0: 
 0: PARALLEL
 0:    8 /
 0: 
 0: GRID    ================================================================
 0: 
 0: -- Eight domains of 5 planes each (also the default)
 0: DOMAINS
 0:  8*5 /
 0: 
 0: NOGGF
 0: 
 0: --     ARRAY  VALUE     ------- BOX ------
 0: EQUALS
 0:       'DX'    500      /
 0:       'DY'    500      /
 0:       'PORO'  0.3       /
 0:       'DZ'    20        1  40  1  40  1  1  /
 0:       'PERMX' 500       /
 0:       'MULTZ' 0.64      /
 0:       'TOPS'  8325      /
 0:       'DZ'    30        1  40  1  40  2  2  /
 0:       'PERMX' 50        /
 0:       'MULTZ' 0.265625  /
 0:       'DZ'    50        1  40  1  40  3  3  /
 0:       'PERMX' 200       /
 0: /       EQUALS IS TERMINATED BY A NULL RECORD
 0: 
 0: 
 0: --    SOURCE  DESTINATION  ------- BOX ------
 0: COPY
 0:       'PERMX'    'PERMY'   1  40  1  40  1  3  /
 0:       'PERMX'    'PERMZ'   /
 0: /
 0: -- OUTPUT OF DOMAINS
 0: RPTGRID
 0:  'DOMAINS'
 0:  /
 0: 
 0: PROPS    ===============================================================
 0: -------- THE PROPS SECTION DEFINES THE REL. PERMEABILITIES, CAPILLARY
 0: -------- PRESSURES, AND THE PVT PROPERTIES OF THE RESERVOIR FLUIDS
 0: ----------------------------------------------------------------------
 0: -- WATER RELATIVE PERMEABILITY AND CAPILLARY PRESSURE ARE TABULATED AS
 0: -- A FUNCTION OF WATER SATURATION.
 0: --
 0: --  SWAT   KRW   PCOW
 0: SWFN
 0:     0.12  0       0
 0:     1.0   1.0     0  /
 0: -- SIMILARLY FOR GAS
 0: --
 0: --  SGAS   KRG   PCOG
 0: SGFN
 0:     0     0       0
 0:     0.02  0       0
 0:     0.05  0.005   0
 0:     0.12  0.025   0
 0:     0.2   0.075   0
 0:     0.25  0.125   0
 0:     0.3   0.19    0
 0:     0.4   0.41    0
 0:     0.45  0.6     0
 0:     0.5   0.72    0
 0:     0.6   0.87    0
 0:     0.7   0.94    0
 0:     0.85  0.98    0
 0:     1.0   1.0     0
 0: /
 0: -- OIL RELATIVE PERMEABILITY IS TABULATED AGAINST OIL SATURATION
 0: -- FOR OIL-WATER AND OIL-GAS-CONNATE WATER CASES
 0: --
 0: --  SOIL     KROW     KROG
 0: SOF3
 0:     0        0        0
 0:     0.18     0        0
 0:     0.28     0.0001   0.0001
 0:     0.38     0.001    0.001
 0:     0.43     0.01     0.01
 0:     0.48     0.021    0.021
 0:     0.58     0.09     0.09
 0:     0.63     0.2      0.2
 0:     0.68     0.35     0.35
 0:     0.76     0.7      0.7
 0:     0.83     0.98     0.98
 0:     0.86     0.997    0.997
 0:     0.879    1        1
 0:     0.88     1        1    /
 0: -- PVT PROPERTIES OF WATER
 0: --
 0: --    REF. PRES. REF. FVF  COMPRESSIBILITY  REF VISCOSITY  VISCOSIBILITY
 0: PVTW
 0:        4014.7     1.029        3.13D-6           0.31            0 /
 0: -- ROCK COMPRESSIBILITY
 0: --
 0: --    REF. PRES   COMPRESSIBILITY
 0: ROCK
 0:         14.7          3.0D-6          /
 0: -- SURFACE DENSITIES OF RESERVOIR FLUIDS
 0: --
 0: --        OIL   WATER   GAS
 0: DENSITY
 0:          49.1   64.79  0.06054  /
 0: -- PVT PROPERTIES OF DRY GAS (NO VAPOURISED OIL)
 0: -- WE WOULD USE PVTG TO SPECIFY THE PROPERTIES OF WET GAS
 0: --
 0: --   PGAS   BGAS   VISGAS
 0: PVDG
 0:      14.7 166.666   0.008
 0:     264.7  12.093   0.0096
 0:     514.7   6.274   0.0112
 0:    1014.7   3.197   0.014
 0:    2014.7   1.614   0.0189
 0:    2514.7   1.294   0.0208
 0:    3014.7   1.080   0.0228
 0:    4014.7   0.811   0.0268
 0:    5014.7   0.649   0.0309
 0:    9014.7   0.386   0.047   /
 0: -- PVT PROPERTIES OF LIVE OIL (WITH DISSOLVED GAS)
 0: -- WE WOULD USE PVDO TO SPECIFY THE PROPERTIES OF DEAD OIL
 0: --
 0: -- FOR EACH VALUE OF RS THE SATURATION PRESSURE, FVF AND VISCOSITY
 0: -- ARE SPECIFIED. FOR RS=1.27 AND 1.618, THE FVF AND VISCOSITY OF
 0: -- UNDERSATURATED OIL ARE DEFINED AS A FUNCTION OF PRESSURE. DATA
 0: -- FOR UNDERSATURATED OIL MAY BE SUPPLIED FOR ANY RS, BUT MUST BE
 0: -- SUPPLIED FOR THE HIGHEST RS (1.618).
 0: --
 0: --   RS      POIL  FVFO  VISO
 0: PVTO
 0:     0.001    14.7 1.062  1.04    /
 0:     0.0905  264.7 1.15   0.975   /
 0:     0.18    514.7 1.207  0.91    /
 0:     0.371  1014.7 1.295  0.83    /
 0:     0.636  2014.7 1.435  0.695   /
 0:     0.775  2514.7 1.5    0.641   /
 0:     0.93   3014.7 1.565  0.594   /
 0:     1.269  4014.7 1.695  0.51
 0:            5014.7 1.671  0.549
 0:            9014.7 1.579  0.74    /
 0:     1.618  5014.7 1.827  0.449
 0:            9014.7 1.726  0.605   /
 0: /
 0: -- OUTPUT CONTROLS FOR PROPS DATA
 0: -- ACTIVATED FOR SOF3, SWFN, SGFN, PVTW, PVDG, DENSITY AND ROCK KEYWORDS
 0: RPTPROPS
 0: /
 0: SOLUTION ===============================================================
 0: -------- THE SOLUTION SECTION DEFINES THE INITIAL STATE OF THE SOLUTION
 0: -------- VARIABLES (PHASE PRESSURES, SATURATIONS AND GAS-OIL RATIOS)
 0: ------------------------------------------------------------------------
 0: -- DATA FOR INITIALISING FLUIDS TO POTENTIAL EQUILIBRIUM
 0: --
 0: --    DATUM  DATUM   OWC    OWC    GOC    GOC    RSVD   RVVD   SOLN
 0: --    DEPTH  PRESS  DEPTH   PCOW  DEPTH   PCOG  TABLE  TABLE   METH
 0: EQUIL
 0:        8400   4800   8500    0     8200    0      1      0       0  /
 0: -- VARIATION OF INITIAL RS WITH DEPTH
 0: --
 0: --    DEPTH    RS
 0: RSVD
 0:        8200  1.270
 0:        8500  1.270  /
 0: -- OUTPUT CONTROLS (SWITCH ON OUTPUT OF INITIAL GRID BLOCK PRESSURES)
 0: RPTSOL
 0:  /
 0: SCHEDULE ===============================================================
 0: -------- THE SCHEDULE SECTION DEFINES THE OPERATIONS TO BE SIMULATED
 0: ------------------------------------------------------------------------
 0: -- CONTROLS ON OUTPUT AT EACH REPORT TIME
 0: RPTSCHED                                         FIELD   10:29 13 JUN 85
 0:  'CPU=2' 'NEWTON=2' /
 0: -- SET 'NO RESOLUTION' OPTION
 0: DRSDT
 0:   0  /
 0: -- SET INITIAL TIME STEP TO 1 DAY AND MAXIMUM TO 6 MONTHS
 0: TUNING
 0: 0.1 50 /
 0: /
 0: 2* 25 /
 0: -- WELL SPECIFICATION DATA
 0: --
 0: --     WELL   GROUP LOCATION  BHP   PI
 0: --     NAME   NAME    I  J   DEPTH DEFN
 0: WELSPECS
 0:     'PRODUCER' 'G'   40 40    8400 'OIL'  /
 0:     'INJECTOR' 'G'    1  1    8335 'GAS'  /
 0: /
 0: -- COMPLETION SPECIFICATION DATA
 0: --
 0: --     WELL     -LOCATION- OPEN/ SAT CONN  WELL
 0: --     NAME     I  J K1 K2 SHUT  TAB FACT  DIAM
 0: COMPDAT
 0:     'PRODUCER'  40 40 3  3 'OPEN' 0   -1   0.5  /
 0:     'INJECTOR'   1  1 1  1 'OPEN' 1   -1   0.5  /
 0:   /
 0: -- PRODUCTION WELL CONTROLS
 0: --
 0: --      WELL     OPEN/  CNTL   OIL  WATER   GAS  LIQU   RES   BHP
 0: --      NAME     SHUT   MODE  RATE   RATE  RATE  RATE  RATE
 0: WCONPROD
 0:      'PRODUCER' 'OPEN' 'ORAT' 20000  4*                      1000 /
 0:   /
 0: -- INJECTION WELL CONTROLS
 0: --
 0: --      WELL     INJ   OPEN/  CNTL    FLOW
 0: --      NAME    TYPE   SHUT   MODE    RATE
 0: WCONINJE
 0:      'INJECTOR' 'GAS' 'OPEN' 'RATE'  100000  /
 0:   /
 0: TSTEP
 0:  20*100.0
 0:   /
 0: END     ================================================================

 ******** END OF INPUT DATA FOR RUN PARALLEL
     1 READING RUNSPEC 
     2 READING TITLE   
     3 READING DEBUG   
     4 READING DIMENS  
     5 READING NONNC   
     6 READING OIL     
     7 READING WATER   
     8 READING GAS     
     9 READING DISGAS  
    10 READING FIELD   
    11 READING EQLDIMS 
    12 READING TABDIMS 
    13 READING WELLDIMS
    14 READING LGR     
    15 READING NUPCOL  
    16 READING SMRYDIMS
    17 READING START   
    18 READING NSTACK  
    19 READING PARALLEL
    20 READING GRID    

 @--MESSAGE  AT TIME        0.0   DAYS    (19-OCT-1982):
 @           CHECKING FOR LICENSES                                           

 @--  ERROR  AT TIME        0.0   DAYS    (19-OCT-1982):
 @           THE MASTER CANNOT START ALL THE SLAVE PROCESSES.                
 @           ERROR FLAG =    -4                                              

 Error summary 
 Comments               0
 Warnings               0
 Problems               0
 Errors                 1
 Bugs                   0
 Final cpu       0.00 elapsed       0.00
