


 $$$$$   $$$   $      $$$  $$$$    $$$   $$$$$     $    $$$    $$$ 
 $      $   $  $       $   $   $  $   $  $        $$   $   $  $   $
 $      $      $       $   $   $  $      $         $   $   $  $   $
 $$$$   $      $       $   $$$$    $$$   $$$$      $   $   $  $   $
 $      $      $       $   $          $  $         $   $   $  $   $
 $      $   $  $       $   $      $   $  $         $   $   $  $   $
 $$$$$   $$$   $$$$$  $$$  $       $$$   $$$$$    $$$   $$$    $$$ 



                       $$$$$   $$$   $      $$$  $$$$    $$$   $$$$$     $    $$$    $$$ 
                       $      $   $  $       $   $   $  $   $  $        $$   $   $  $   $
                       $      $      $       $   $   $  $      $         $   $   $  $   $
                       $$$$   $      $       $   $$$$    $$$   $$$$      $   $   $  $   $
                       $      $      $       $   $          $  $         $   $   $  $   $
                       $      $   $  $       $   $      $   $  $         $   $   $  $   $
                       $$$$$   $$$   $$$$$  $$$  $       $$$   $$$$$    $$$   $$$    $$$ 



                                             $$$$$   $$$   $      $$$  $$$$    $$$   $$$$$     $    $$$    $$$ 
                                             $      $   $  $       $   $   $  $   $  $        $$   $   $  $   $
                                             $      $      $       $   $   $  $      $         $   $   $  $   $
                                             $$$$   $      $       $   $$$$    $$$   $$$$      $   $   $  $   $
                                             $      $      $       $   $          $  $         $   $   $  $   $
                                             $      $   $  $       $   $      $   $  $         $   $   $  $   $
                                             $$$$$   $$$   $$$$$  $$$  $       $$$   $$$$$    $$$   $$$    $$$ 



                                                                   $$$$$   $$$   $      $$$  $$$$    $$$   $$$$$     $    $$$    $$$ 
                                                                   $      $   $  $       $   $   $  $   $  $        $$   $   $  $   $
                                                                   $      $      $       $   $   $  $      $         $   $   $  $   $
                                                                   $$$$   $      $       $   $$$$    $$$   $$$$      $   $   $  $   $
                                                                   $      $      $       $   $          $  $         $   $   $  $   $
                                                                   $      $   $  $       $   $      $   $  $         $   $   $  $   $
                                                                   $$$$$   $$$   $$$$$  $$$  $       $$$   $$$$$    $$$   $$$    $$$ 
 
 Version =  2009.1
 Arch    =  PC WINDOWS (32 bit)
Annex    | Modification date    | Update date          | baseline             
=====    | =================    | ===========          | ========             
ECLIPSE  | 27-APR-2009 16:22:47 | 27-APR-2009 19:37:10 | S:\2009.1_w18i
system   | 22-APR-2009 14:52:01 | 25-APR-2009 05:27:35 | S:\2009.1_w18
utility  | 17-FEB-2009 08:34:11 | 25-APR-2009 05:40:00 | S:\2009.1_w18
 

1

 ******** ECHO OF INPUT DATA FOR RUN UDT_LC

 0: --------------------------------------------------------------
 0: -- User Define Table (UDT) example Data Set
 0: --------------------------------------------------------------
 0: RUNSPEC     =================================================
 0: 
 0: DIMENS
 0:    30   35    5  /
 0: 
 0: REGDIMS
 0: 5 3 /
 0: 
 0: 
 0: OIL
 0: 
 0: WATER
 0: 
 0: GAS
 0: 
 0: SKIP300
 0: DISGAS
 0: SAVE
 0: /
 0: ENDSKIP
 0: 
 0: 
 0: FIELD
 0: 
 0: EQLDIMS
 0:     1  100   10    1    1 /
 0: 
 0: TABDIMS
 0:     1    1   16   12    1   12 /
 0: 
 0: WELLDIMS
 0:    24    4    3   24 /
 0: 
 0: NUPCOL
 0:     4 /
 0: 
 0: START
 0:    1 'JAN' 1986  /
 0: 
 0: NSTACK
 0:    24 /
 0: 
 0: UDQDIMS
 0:  12 12 2 2 2 2 0 3 /
 0: 
 0: UDTDIMS
 0:   2  30  6  3 /
 0: 
 0: UNIFOUT
 0: UNIFIN
 0: 
 0: NOMONITO
 0: 
 0: UDQPARAM
 0:  2 1e19 -1.0 /
 0: 
 0: ACTDIMS
 0: 6 /
 0: 
 0: 
 0: 
 0: 
 0: GRID    ================================================================
 0: 
 0: INIT
 0: 
 0: --     ARRAY  VALUE     ------- BOX ------
 0: 
 0: EQUALS
 0:       'DX'     700      /
 0:       'DY'     700      /
 0:       'PORO'  0.2       /
 0:       'PERMX' 500       /
 0:       'TOPS'  5000      1  30  1  35  1  1  /
 0: 
 0:       'DZ'    50        1  30  1  35  1  4  /
 0:       'DZ'   100        1  30  1  35  5  5  /
 0: 
 0:       'PORO' 0.0       29  30  1  35  1  1 /
 0:       'PORO' 0.0       28  28  1  16  1  1 /
 0:       'PORO' 0.0       28  28  19 35  1  1 /
 0: 
 0: /       EQUALS IS TERMINATED BY A NULL RECORD
 0: 
 0: -- THE Y AND Z DIRECTION PERMEABILITIES ARE COPIED FROM PERMX
 0: --    SOURCE  DESTINATION  ------- BOX ------
 0: COPY
 0:       'PERMX'    'PERMY'   /
 0:       'PERMX'    'PERMZ'   /
 0: /
 0: 
 0: MULTIPLY
 0:   'PERMZ' 0.1 /
 0:   /
 0: 
 0: PROPS   ***************************************************************
 0: 
 0: 
 0: SWFN
 0:     .25       .00       .0
 0:     .75       .80       .0
 0:    1.0       1.0        .0
 0:   /
 0: 
 0: SOF3
 0:     .00       .00    .00
 0:     .25       .00    .00
 0:     .75      0.8     .80
 0:   /
 0: 
 0: SGFN
 0:     .00       .00    .0
 0:     .05       .00    .0
 0:     .75      1.00    .0
 0:   /
 0: 
 0: RPTPROPS
 0:   8*0 /
 0: 
 0: DENSITY
 0:         49.94    62.43    0.061    /
 0: 
 0: ROCK
 0:         4000   4.0E-6   /
 0: 
 0: PVTW
 0:         4000   1.00    3.0E-6     0.50   0   /
 0: 
 0: PVTO
 0: 0.165   400  1.012   .40  /
 0: 0.335   800  1.0255  .39  /
 0: 0.500  1200  1.038   .38  /
 0: 0.665  1600  1.051   .37  /
 0: 0.828  2000  1.063   .36  /
 0: 0.985  2400  1.075   .35  /
 0: 1.130  2800  1.087   .34
 0:        3200  1.080   .35
 0:        3600  1.074   .36
 0:        4000  1.068   .37
 0:        4400  1.062   .38  /
 0: /
 0: 
 0: PVDG
 0:  400  5.90  0.013
 0:  800  2.95  0.0135
 0: 1200  1.96  0.014
 0: 1600  1.47  0.0145
 0: 2000  1.18  0.015
 0: 2400  0.98  0.0155
 0: 2800  0.84  0.016
 0: 3200  0.74  0.0165
 0: 3600  0.65  0.017
 0: 4000  0.56  0.0175
 0: 4400  0.51  0.018
 0: /
 0: 
 0: REGIONS *************************************************************
 0: 
 0: EQUALS
 0: FIPNUM       1       1  30  1  35   1  1  /
 0: FIPNUM       2       1  30  1  35   2  2  /
 0: FIPNUM       3       1  30  1  35   3  3  /
 0: FIPNUM       4       1  30  1  35   4  4  /
 0: FIPNUM       5       1  30  1  35   5  5  /
 0: /
 0: 
 0: FIPONE
 0: 5250*1 /
 0: 
 0: EQUALS
 0: FIPONE       1        1   6  1  35   1  5  /
 0: FIPONE       2        7  12  1  35   1  5  /
 0: FIPONE       3       13  18  1  35   1  5  /
 0: FIPONE       4       19  24  1  35   1  5  /
 0: FIPONE       5       25  30  1  35   1  5  /
 0: /
 0: 
 0: FIPTWO
 0: 5250*1 /
 0: 
 0: 
 0: EQUALS
 0: FIPTWO       1        1  30   1   7   1  5  /
 0: FIPTWO       2        1  30   8  14   1  5  /
 0: FIPTWO       3        1  30  15  21   1  5  /
 0: FIPTWO       4        1  30  22  28   1  5  /
 0: FIPTWO       5        1  30  29  35   1  5  /
 0: /
 0: 
 0: 
 0: SOLUTION  ==============================================================
 0: 
 0: EQUIL      1 TABLES   10 NODES IN EACH           FIELD   23:34 15 SEP 85
 0:   5040.0 3600.00 5200.00  .00000 4040.00  .00000     1      0       0 /
 0: 
 0: RSVD
 0: 4000 1.13
 0: 6000 1.13 /
 0: 
 0: RPTRST
 0: BASIC=2 /
 0: 
 0: 
 0: SUMMARY    ===============================================================
 0: WUPRICE
 0: /
 0: RUNSUM
 0: SEPARATE
 0: RPTONLY
 0: 
 0: ALL
 0: 
 0: SCHEDULE ===============================================================
 0: 
 0: --Design two dimension UDT table
 0: --LC linearly interpolate within the table.
 0: --Following UDQ define the reference variable
 0: --The table will be like this
 0: --     WOPR  4000 6000 8000 10000
 0: -- WWPR
 0: --   1        15   25 35 45
 0: --  100       38   48 58 68
 0: --  1000      57   67 77 87
 0: -- 10000      64   73 83 93
 0: 
 0: UDT
 0: 'TUCATH' 2  /
 0: 'LC'  4000 6000 8000 10000  /
 0: 'LC'  1 100 1000 10000 /
 0: 15 25 35 45 /
 0: 38 48 58 68 /
 0: 57 67 77 87 /
 0: 64 73 83 93 /
 0: /
 0: /
 0: WELSPECS
 0:     'P12'      'G1'    10 12   1*   'OIL'  /
 0:     'P16'      'G1'    10 16   1*   'OIL'  /
 0:     'P20'      'G2'    10 20   1*   'OIL'  /
 0:     'P24'      'G2'    10 24   1*   'OIL'  /
 0: /
 0: 
 0: COMPDAT
 0:     'P12' 2*  1  2  'OPEN' 0   -1   0.5  /
 0:     'P16' 2*  2  3  'OPEN' 0   -1   0.5  /
 0:     'P20' 2*  3  4  'OPEN' 0   -1   0.5  /
 0:     'P24' 2*  4  5  'OPEN' 0   -1   0.5  /
 0:     /
 0: 
 0: WCONPROD
 0:      'P12' 'OPEN' 'ORAT'  6000  4*  1000 /
 0:      'P16' 'OPEN' 'ORAT' 10000  4*  1000 /
 0:      'P20' 'OPEN' 'ORAT'  8000  4*  1000 /
 0:      'P24' 'OPEN' 'ORAT'  4000  4*  1000 /
 0:   /
 0: 
 0: UDQ
 0: DEFINE WUPRICE TUCATH[WOPR,WWPR]  /
 0: /
 0: 
 0: TSTEP
 0:  10*10 /
 0: 
 0: END

 ******** END OF INPUT DATA FOR RUN UDT_LC
     1 READING RUNSPEC 
     2 READING DIMENS  
     3 READING REGDIMS 
     4 READING OIL     
     5 READING WATER   
     6 READING GAS     
     7 READING SKIP300 
     8 READING DISGAS  
     9 READING SAVE    
    10 READING ENDSKIP 
    11 READING SKIP100 
       SKIPPING KEYWORDS
    12 READING ENDSKIP 
    13 READING FIELD   
    14 READING EQLDIMS 
    15 READING TABDIMS 
    16 READING WELLDIMS
    17 READING NUPCOL  
    18 READING START   
    19 READING NSTACK  
    20 READING UDQDIMS 
    21 READING UDTDIMS 
    22 READING UNIFOUT 
    23 READING UNIFIN  
    24 READING NOMONITO
    25 READING UDQPARAM
    26 READING ACTDIMS 
    27 READING SKIP100 
       SKIPPING KEYWORDS
    28 READING ENDSKIP 
    29 READING GRID    

 @--MESSAGE  AT TIME        0.0   DAYS    ( 1-JAN-1986):
 @           CHECKING FOR LICENSES                                           

 @--MESSAGE  AT TIME        0.0   DAYS    ( 1-JAN-1986):
 @           THE MEMORY REQUIRED TO PROCESS THE GRID SECTION IS              
 @                 2026 KBYTES                                               
    31 READING INIT    
    32 READING EQUALS  
    33 READING COPY    
    34 READING MULTIPLY
    35 READING PROPS   

 @--MESSAGE  AT TIME        0.0   DAYS    ( 1-JAN-1986):
 @           UNSPECIFIED TOPS VALUES OBTAINED BY ADDING DZ                   
 @           TO TOPS VALUE FOR LAYER ABOVE                                   

 @--MESSAGE  AT TIME        0.0   DAYS    ( 1-JAN-1986):
 @           NEITHER OLDTRAN,OLDTRANR NOR NEWTRAN SPECIFIED                  
 @           BLOCK CENTRE TRANSMISSIBILITIES TO BE CALCULATED                
 @           USING  OLDTRAN                                                  

 @--COMMENT  AT TIME        0.0   DAYS    ( 1-JAN-1986):
 @           NO NON-NEIGHBOUR CONNECTIONS FOUND                              

 @--MESSAGE  AT TIME        0.0   DAYS    ( 1-JAN-1986):
 @           NUMBER OF ACTIVE CELLS IS 5147                                  

 @--MESSAGE  AT TIME        0.0   DAYS    ( 1-JAN-1986):
 @           THE MEMORY REQUIRED TO PROCESS THE SOLUTION SECTION IS          
 @                 7162 KBYTES                                               

 @--MESSAGE  AT TIME        0.0   DAYS    ( 1-JAN-1986):
 @              61162 CHARACTER VARIABLES USED                               
    36 READING SWFN    
    37 READING SOF3    
    38 READING SGFN    
    39 READING RPTPROPS
    40 READING DENSITY 
    41 READING ROCK    
    42 READING PVTW    
    43 READING PVTO    
    44 READING PVDG    
    45 READING REGIONS 
    46 READING EQUALS  
    47 READING FIPONE  
    48 READING EQUALS  
    49 READING FIPTWO  
    50 READING EQUALS  
    51 READING SOLUTION

 @--MESSAGE  AT TIME        0.0   DAYS    ( 1-JAN-1986):
 @           SAVE FILE HAS BEEN WRITTEN.                                     
    52 READING EQUIL   
    53 READING RSVD    
    54 READING RPTRST  
    55 READING SUMMARY 
    56 READING WUPRICE 
    57 READING RUNSUM  
    58 READING SEPARATE
    59 READING RPTONLY 
    60 READING ALL     
    61 READING SCHEDULE
    62 READING UDT     
    63 READING WELSPECS
    64 READING COMPDAT 
    65 READING WCONPROD
    66 READING UDQ     

 @--MESSAGE  AT TIME        0.0   DAYS    ( 1-JAN-1986):
 @           WUPRICE INITIALISED AS USER DEFINED QUANTITY NO. 1              

 @--MESSAGE  AT TIME        0.0   DAYS    ( 1-JAN-1986):
 @           WUPRICE DEFINITION PARSED. UPDATE STATUS SET TO ON.             
    67 READING TSTEP   

 @--MESSAGE  AT TIME        0.0   DAYS    ( 1-JAN-1986):
 @           DRSDT KEYWORD HAS NOT BEEN ENTERED, SO THE                      
 @           MAXIMUM GAS RE-SOLUTION RATE IS DEFAULTED TO INFINITY.          

 @--MESSAGE  AT TIME        0.0   DAYS    ( 1-JAN-1986):
 @           RESTART FILE WRITTEN   REPORT     0                             
1                             **********************************************************************   1
  SIMULATE AT     0.00   DAYS *                                                                        * ECLIPSE  VERSION 2009.1     
  REPORT   0     1 JAN 1986   *  RUN                                                                   * RUN AT 22:31 ON 22 MAR 2017 
                              **************************************************************************

 STEP    1 TIME=    1.00  DAYS (  +1.0  DAYS INIT  2 ITS) (2-JAN-1986)           
  PAV=  3624.3  PSIA   WCT=0.207 GOR=     1.13 MSCF/STB WGR=   0.2303 STB/MSCF   

 STEP    2 TIME=    4.00  DAYS (  +3.0  DAYS MAXF  1 ITS) (5-JAN-1986)           
  PAV=  3622.8  PSIA   WCT=0.206 GOR=     1.13 MSCF/STB WGR=   0.2289 STB/MSCF   

 STEP    3 TIME=   10.00  DAYS (  +6.0  DAYS REPT  2 ITS) (11-JAN-1986)          
  PAV=  3619.6  PSIA   WCT=0.207 GOR=     1.13 MSCF/STB WGR=   0.2306 STB/MSCF   

 @--MESSAGE  AT TIME       10.0   DAYS    (11-JAN-1986):
 @           RESTART FILE WRITTEN   REPORT     1                             
1                             **********************************************************************   2
  SIMULATE AT    10.00   DAYS *                                                                        * ECLIPSE  VERSION 2009.1     
  REPORT   1    11 JAN 1986   *  RUN                                                                   * RUN AT 22:31 ON 22 MAR 2017 
                              **************************************************************************

 STEP    4 TIME=   20.00  DAYS ( +10.0  DAYS REPT  2 ITS) (21-JAN-1986)          
  PAV=  3614.0  PSIA   WCT=0.209 GOR=     1.13 MSCF/STB WGR=   0.2335 STB/MSCF   

 @--MESSAGE  AT TIME       20.0   DAYS    (21-JAN-1986):
 @           RESTART FILE WRITTEN   REPORT     2                             
1                             **********************************************************************   3
  SIMULATE AT    20.00   DAYS *                                                                        * ECLIPSE  VERSION 2009.1     
  REPORT   2    21 JAN 1986   *  RUN                                                                   * RUN AT 22:31 ON 22 MAR 2017 
                              **************************************************************************

 STEP    5 TIME=   30.00  DAYS ( +10.0  DAYS REPT  2 ITS) (31-JAN-1986)          
  PAV=  3608.4  PSIA   WCT=0.211 GOR=     1.13 MSCF/STB WGR=   0.2364 STB/MSCF   

 @--MESSAGE  AT TIME       30.0   DAYS    (31-JAN-1986):
 @           RESTART FILE WRITTEN   REPORT     3                             
1                             **********************************************************************   4
  SIMULATE AT    30.00   DAYS *                                                                        * ECLIPSE  VERSION 2009.1     
  REPORT   3    31 JAN 1986   *  RUN                                                                   * RUN AT 22:31 ON 22 MAR 2017 
                              **************************************************************************

 STEP    6 TIME=   40.00  DAYS ( +10.0  DAYS REPT  4 ITS) (10-FEB-1986)          
  PAV=  3602.8  PSIA   WCT=0.213 GOR=     1.13 MSCF/STB WGR=   0.2395 STB/MSCF   

 @--MESSAGE  AT TIME       40.0   DAYS    (10-FEB-1986):
 @           RESTART FILE WRITTEN   REPORT     4                             
1                             **********************************************************************   5
  SIMULATE AT    40.00   DAYS *                                                                        * ECLIPSE  VERSION 2009.1     
  REPORT   4    10 FEB 1986   *  RUN                                                                   * RUN AT 22:31 ON 22 MAR 2017 
                              **************************************************************************

 STEP    7 TIME=   50.00  DAYS ( +10.0  DAYS REPT  2 ITS) (20-FEB-1986)          
  PAV=  3597.2  PSIA   WCT=0.215 GOR=     1.13 MSCF/STB WGR=   0.2427 STB/MSCF   

 @--MESSAGE  AT TIME       50.0   DAYS    (20-FEB-1986):
 @           RESTART FILE WRITTEN   REPORT     5                             
1                             **********************************************************************   6
  SIMULATE AT    50.00   DAYS *                                                                        * ECLIPSE  VERSION 2009.1     
  REPORT   5    20 FEB 1986   *  RUN                                                                   * RUN AT 22:31 ON 22 MAR 2017 
                              **************************************************************************

 STEP    8 TIME=   60.00  DAYS ( +10.0  DAYS REPT  1 ITS) (2-MAR-1986)           
  PAV=  3591.5  PSIA   WCT=0.217 GOR=     1.13 MSCF/STB WGR=   0.2459 STB/MSCF   

 @--MESSAGE  AT TIME       60.0   DAYS    ( 2-MAR-1986):
 @           RESTART FILE WRITTEN   REPORT     6                             
1                             **********************************************************************   7
  SIMULATE AT    60.00   DAYS *                                                                        * ECLIPSE  VERSION 2009.1     
  REPORT   6     2 MAR 1986   *  RUN                                                                   * RUN AT 22:31 ON 22 MAR 2017 
                              **************************************************************************

 STEP    9 TIME=   70.00  DAYS ( +10.0  DAYS REPT  1 ITS) (12-MAR-1986)          
  PAV=  3585.9  PSIA   WCT=0.220 GOR=     1.13 MSCF/STB WGR=   0.2491 STB/MSCF   

 @--MESSAGE  AT TIME       70.0   DAYS    (12-MAR-1986):
 @           RESTART FILE WRITTEN   REPORT     7                             
1                             **********************************************************************   8
  SIMULATE AT    70.00   DAYS *                                                                        * ECLIPSE  VERSION 2009.1     
  REPORT   7    12 MAR 1986   *  RUN                                                                   * RUN AT 22:31 ON 22 MAR 2017 
                              **************************************************************************

 STEP   10 TIME=   80.00  DAYS ( +10.0  DAYS REPT  6 ITS) (22-MAR-1986)          
  PAV=  3580.2  PSIA   WCT=0.222 GOR=     1.13 MSCF/STB WGR=   0.2523 STB/MSCF   

 @--MESSAGE  AT TIME       80.0   DAYS    (22-MAR-1986):
 @           RESTART FILE WRITTEN   REPORT     8                             
1                             **********************************************************************   9
  SIMULATE AT    80.00   DAYS *                                                                        * ECLIPSE  VERSION 2009.1     
  REPORT   8    22 MAR 1986   *  RUN                                                                   * RUN AT 22:31 ON 22 MAR 2017 
                              **************************************************************************

 STEP   11 TIME=   90.00  DAYS ( +10.0  DAYS REPT  4 ITS) (1-APR-1986)           
  PAV=  3574.5  PSIA   WCT=0.224 GOR=     1.13 MSCF/STB WGR=   0.2556 STB/MSCF   

 @--MESSAGE  AT TIME       90.0   DAYS    ( 1-APR-1986):
 @           RESTART FILE WRITTEN   REPORT     9                             
1                             **********************************************************************  10
  SIMULATE AT    90.00   DAYS *                                                                        * ECLIPSE  VERSION 2009.1     
  REPORT   9     1 APR 1986   *  RUN                                                                   * RUN AT 22:31 ON 22 MAR 2017 
                              **************************************************************************

 STEP   12 TIME=  100.00  DAYS ( +10.0  DAYS REPT  6 ITS) (11-APR-1986)          
  PAV=  3568.8  PSIA   WCT=0.226 GOR=     1.13 MSCF/STB WGR=   0.2588 STB/MSCF   

 @--MESSAGE  AT TIME      100.0   DAYS    (11-APR-1986):
 @           RESTART FILE WRITTEN   REPORT    10                             
    68 READING END     

 Error summary 
 Comments               1
 Warnings               0
 Problems               0
 Errors                 0
 Bugs                   0
 Final cpu       0.41 elapsed       1.00
